[2026-04-22T23:20:21.590Z] TX HMR
[2026-04-22T23:20:21.593Z] RX HMR,VS-L1500MX<CR>
[2026-04-22T23:20:21.594Z] TX MOR
[2026-04-22T23:20:21.597Z] RX MOR,1<CR>
[2026-04-22T23:20:21.597Z] TX FVR
[2026-04-22T23:20:21.601Z] RX FVR,1.6.0002<CR>
[2026-04-22T23:21:09.060Z] TX TRG
[2026-04-22T23:21:09.067Z] RX TRG<CR>
[2026-04-22T23:21:10.001Z] RX 1,0,Radio Ciculo Izquierdo,11.753,Radio Circulo Derecho,11.968,Medicion Ancho,47.567,Medicion Largo,516.198<CR>
[2026-04-22T23:21:10.002Z] RX_DATA 1,0,Radio Ciculo Izquierdo,11.753,Radio Circulo Derecho,11.968,Medicion Ancho,47.567,Medicion Largo,516.198
[2026-04-22T23:21:30.521Z] TX TRG
[2026-04-22T23:21:30.528Z] RX TRG<CR>
[2026-04-22T23:21:31.458Z] RX 1,0,Radio Ciculo Izquierdo,11.738,Radio Circulo Derecho,11.976,Medicion Ancho,47.573,Medicion Largo,516.216<CR>
[2026-04-22T23:21:31.459Z] RX_DATA 1,0,Radio Ciculo Izquierdo,11.738,Radio Circulo Derecho,11.976,Medicion Ancho,47.573,Medicion Largo,516.216
[2026-04-22T23:22:27.332Z] RX 1,0,Radio Ciculo Izquierdo,11.735,Radio Circulo Derecho,11.985,Medicion Ancho,47.586,Medicion Largo,516.226<CR>
[2026-04-22T23:22:27.333Z] RX_DATA 1,0,Radio Ciculo Izquierdo,11.735,Radio Circulo Derecho,11.985,Medicion Ancho,47.586,Medicion Largo,516.226
[2026-04-22T23:22:29.246Z] RX 1,0,Radio Ciculo Izquierdo,11.742,Radio Circulo Derecho,11.972,Medicion Ancho,47.571,Medicion Largo,516.217<CR>
[2026-04-22T23:22:29.247Z] RX_DATA 1,0,Radio Ciculo Izquierdo,11.742,Radio Circulo Derecho,11.972,Medicion Ancho,47.571,Medicion Largo,516.217
[2026-04-22T23:24:29.097Z] TX TRG
[2026-04-22T23:24:29.103Z] RX TRG<CR>
[2026-04-22T23:24:30.031Z] RX 0,1,Radio Ciculo Izquierdo,11.701,Radio Circulo Derecho,11.943,Medicion Ancho,47.406,Medicion Largo,3.269<CR>
[2026-04-22T23:24:30.031Z] RX_DATA 0,1,Radio Ciculo Izquierdo,11.701,Radio Circulo Derecho,11.943,Medicion Ancho,47.406,Medicion Largo,3.269
[2026-04-22T23:24:41.920Z] TX TRG
[2026-04-22T23:24:41.926Z] RX TRG<CR>
[2026-04-22T23:24:42.856Z] RX 1,0,Radio Ciculo Izquierdo,11.712,Radio Circulo Derecho,11.991,Medicion Ancho,47.481,Medicion Largo,516.164<CR>
[2026-04-22T23:24:42.856Z] RX_DATA 1,0,Radio Ciculo Izquierdo,11.712,Radio Circulo Derecho,11.991,Medicion Ancho,47.481,Medicion Largo,516.164
[2026-04-22T23:29:45.950Z] TX HMR
[2026-04-22T23:29:45.954Z] RX HMR,VS-L1500MX<CR>
[2026-04-22T23:29:45.955Z] TX MOR
[2026-04-22T23:29:45.958Z] RX MOR,0<CR>
[2026-04-22T23:29:45.958Z] TX FVR
[2026-04-22T23:29:45.961Z] RX FVR,1.6.0002<CR>
[2026-04-22T23:30:03.015Z] TX TRG
[2026-04-22T23:30:03.022Z] RX TRG<CR>
[2026-04-22T23:30:16.398Z] TX HMR
[2026-04-22T23:30:16.401Z] RX HMR,VS-L1500MX<CR>
[2026-04-22T23:30:16.401Z] TX MOR
[2026-04-22T23:30:16.404Z] RX MOR,0<CR>
[2026-04-22T23:30:16.404Z] TX FVR
[2026-04-22T23:30:16.407Z] RX FVR,1.6.0002<CR>
[2026-04-22T23:30:17.794Z] TX TRG
[2026-04-22T23:30:17.801Z] RX TRG<CR>
[2026-04-22T23:30:18.693Z] TX TRG
[2026-04-22T23:30:18.703Z] RX TRG<CR>
[2026-04-22T23:30:39.350Z] TX TRG
[2026-04-22T23:30:39.356Z] RX TRG<CR>
[2026-04-22T23:31:03.530Z] TX TRG
[2026-04-22T23:31:03.536Z] RX TRG<CR>
[2026-04-22T23:31:03.640Z] TX TRG
[2026-04-22T23:31:03.646Z] RX ER,TRG,10001<CR>
[2026-04-22T23:31:04.467Z] RX 1,0,Radio Ciculo Izquierdo,11.725,Radio Circulo Derecho,12.072,Medicion Ancho,47.481,Medicion Largo,516.173<CR>
[2026-04-22T23:31:04.467Z] RX_DATA 1,0,Radio Ciculo Izquierdo,11.725,Radio Circulo Derecho,12.072,Medicion Ancho,47.481,Medicion Largo,516.173
[2026-04-22T23:31:26.500Z] TX TRG
[2026-04-22T23:31:26.506Z] RX TRG<CR>
[2026-04-22T23:31:26.715Z] TX TRG
[2026-04-22T23:31:26.722Z] RX ER,TRG,10001<CR>
[2026-04-22T23:31:27.438Z] RX 1,0,Radio Ciculo Izquierdo,11.736,Radio Circulo Derecho,12.023,Medicion Ancho,47.480,Medicion Largo,516.178<CR>
[2026-04-22T23:31:27.438Z] RX_DATA 1,0,Radio Ciculo Izquierdo,11.736,Radio Circulo Derecho,12.023,Medicion Ancho,47.480,Medicion Largo,516.178
[2026-04-22T23:33:47.113Z] TX HMR
[2026-04-22T23:33:47.117Z] RX HMR,VS-L1500MX<CR>
[2026-04-22T23:33:47.117Z] TX MOR
[2026-04-22T23:33:47.120Z] RX MOR,1<CR>
[2026-04-22T23:33:47.120Z] TX FVR
[2026-04-22T23:33:47.122Z] RX FVR,1.6.0002<CR>
[2026-04-22T23:34:03.343Z] TX TRG
[2026-04-22T23:34:03.349Z] RX TRG<CR>
[2026-04-22T23:34:04.278Z] RX 1,0,Radio Ciculo Izquierdo,11.733,Radio Circulo Derecho,12.095,Medicion Ancho,47.458,Medicion Largo,516.166<CR>
[2026-04-22T23:34:04.278Z] RX_DATA 1,0,Radio Ciculo Izquierdo,11.733,Radio Circulo Derecho,12.095,Medicion Ancho,47.458,Medicion Largo,516.166
[2026-04-22T23:34:08.119Z] TX TRG
[2026-04-22T23:34:08.126Z] RX TRG<CR>
[2026-04-22T23:34:09.056Z] RX 1,0,Radio Ciculo Izquierdo,11.727,Radio Circulo Derecho,12.102,Medicion Ancho,47.455,Medicion Largo,516.165<CR>
[2026-04-22T23:34:09.057Z] RX_DATA 1,0,Radio Ciculo Izquierdo,11.727,Radio Circulo Derecho,12.102,Medicion Ancho,47.455,Medicion Largo,516.165
[2026-04-22T23:38:45.249Z] TX TRG
[2026-04-22T23:38:45.256Z] RX TRG<CR>
[2026-04-22T23:38:46.186Z] RX 1,0,Radio Ciculo Izquierdo,11.736,Radio Circulo Derecho,12.069,Medicion Ancho,47.475,Medicion Largo,516.141<CR>
[2026-04-22T23:38:46.186Z] RX_DATA 1,0,Radio Ciculo Izquierdo,11.736,Radio Circulo Derecho,12.069,Medicion Ancho,47.475,Medicion Largo,516.141
[2026-04-22T23:41:16.256Z] TX HMR
[2026-04-22T23:41:16.260Z] RX HMR,VS-L1500MX<CR>
[2026-04-22T23:41:16.260Z] TX MOR
[2026-04-22T23:41:16.263Z] RX MOR,1<CR>
[2026-04-22T23:41:16.263Z] TX FVR
[2026-04-22T23:41:16.266Z] RX FVR,1.6.0002<CR>
[2026-04-22T23:41:26.939Z] TX TRG
[2026-04-22T23:41:26.946Z] RX TRG<CR>
[2026-04-22T23:41:27.048Z] TX TRG
[2026-04-22T23:41:27.053Z] RX ER,TRG,10001<CR>
[2026-04-22T23:41:27.874Z] RX 1,0,Radio Ciculo Izquierdo,11.725,Radio Circulo Derecho,12.016,Medicion Ancho,47.476,Medicion Largo,516.131<CR>
[2026-04-22T23:41:27.875Z] RX_DATA 1,0,Radio Ciculo Izquierdo,11.725,Radio Circulo Derecho,12.016,Medicion Ancho,47.476,Medicion Largo,516.131
[2026-04-22T23:41:59.205Z] TX TRG
[2026-04-22T23:41:59.211Z] RX TRG<CR>
[2026-04-22T23:41:59.308Z] TX TRG
[2026-04-22T23:41:59.314Z] RX ER,TRG,10001<CR>
[2026-04-22T23:42:00.137Z] RX 1,0,Radio Ciculo Izquierdo,11.728,Radio Circulo Derecho,12.079,Medicion Ancho,47.412,Medicion Largo,513.287<CR>
[2026-04-22T23:42:00.137Z] RX_DATA 1,0,Radio Ciculo Izquierdo,11.728,Radio Circulo Derecho,12.079,Medicion Ancho,47.412,Medicion Largo,513.287
[2026-04-22T23:42:12.201Z] TX TRG
[2026-04-22T23:42:12.207Z] RX TRG<CR>
[2026-04-22T23:42:12.301Z] TX TRG
[2026-04-22T23:42:12.306Z] RX ER,TRG,10001<CR>
[2026-04-22T23:42:13.134Z] RX 1,0,Radio Ciculo Izquierdo,11.740,Radio Circulo Derecho,12.238,Medicion Ancho,47.413,Medicion Largo,513.234<CR>
[2026-04-22T23:42:13.135Z] RX_DATA 1,0,Radio Ciculo Izquierdo,11.740,Radio Circulo Derecho,12.238,Medicion Ancho,47.413,Medicion Largo,513.234
[2026-04-22T23:42:26.330Z] TX TRG
[2026-04-22T23:42:26.336Z] RX TRG<CR>
[2026-04-22T23:42:27.263Z] RX 1,0,Radio Ciculo Izquierdo,11.731,Radio Circulo Derecho,12.025,Medicion Ancho,47.436,Medicion Largo,516.126<CR>
[2026-04-22T23:42:27.263Z] RX_DATA 1,0,Radio Ciculo Izquierdo,11.731,Radio Circulo Derecho,12.025,Medicion Ancho,47.436,Medicion Largo,516.126
[2026-04-22T23:42:42.727Z] TX TRG
[2026-04-22T23:42:42.733Z] RX TRG<CR>
[2026-04-22T23:42:43.660Z] RX 0,1,Radio Ciculo Izquierdo,11.745,Radio Circulo Derecho,12.034,Medicion Ancho,47.397,Medicion Largo,339.064<CR>
[2026-04-22T23:42:43.660Z] RX_DATA 0,1,Radio Ciculo Izquierdo,11.745,Radio Circulo Derecho,12.034,Medicion Ancho,47.397,Medicion Largo,339.064
[2026-04-22T23:42:59.610Z] TX TRG
[2026-04-22T23:42:59.616Z] RX TRG<CR>
[2026-04-22T23:42:59.630Z] TX TRG
[2026-04-22T23:42:59.636Z] RX ER,TRG,10001<CR>
[2026-04-22T23:43:00.542Z] RX 1,0,Radio Ciculo Izquierdo,11.748,Radio Circulo Derecho,12.063,Medicion Ancho,47.396,Medicion Largo,515.833<CR>
[2026-04-22T23:43:00.542Z] RX_DATA 1,0,Radio Ciculo Izquierdo,11.748,Radio Circulo Derecho,12.063,Medicion Ancho,47.396,Medicion Largo,515.833
[2026-04-22T23:43:17.529Z] TX TRG
[2026-04-22T23:43:17.535Z] RX TRG<CR>
[2026-04-22T23:43:18.398Z] RX 1,0,Radio Ciculo Izquierdo,0.000,Radio Circulo Derecho,0.000,Medicion Ancho,0.000,Medicion Largo,0.000<CR>
[2026-04-22T23:43:18.398Z] RX_DATA 1,0,Radio Ciculo Izquierdo,0.000,Radio Circulo Derecho,0.000,Medicion Ancho,0.000,Medicion Largo,0.000
[2026-04-22T23:44:20.371Z] RX 1,0,Radio Ciculo Izquierdo,0.000,Radio Circulo Derecho,0.000,Medicion Ancho,0.000,Medicion Largo,0.000<CR>
[2026-04-22T23:44:20.371Z] RX_DATA 1,0,Radio Ciculo Izquierdo,0.000,Radio Circulo Derecho,0.000,Medicion Ancho,0.000,Medicion Largo,0.000
[2026-04-22T23:44:41.403Z] TX HMR
[2026-04-22T23:44:41.408Z] RX HMR,VS-L1500MX<CR>
[2026-04-22T23:44:41.408Z] TX MOR
[2026-04-22T23:44:41.412Z] RX MOR,1<CR>
[2026-04-22T23:44:41.412Z] TX FVR
[2026-04-22T23:44:41.414Z] RX FVR,1.6.0002<CR>
[2026-04-22T23:46:11.566Z] TX TRG
[2026-04-22T23:46:11.572Z] RX TRG<CR>
[2026-04-22T23:46:11.712Z] TX TRG
[2026-04-22T23:46:11.717Z] RX ER,TRG,10001<CR>
[2026-04-22T23:46:12.437Z] RX 1,0,Radio Ciculo Izquierdo,0.000,Radio Circulo Derecho,0.000,Medicion Ancho,0.000,Medicion Largo,0.000<CR>
[2026-04-22T23:46:12.438Z] RX_DATA 1,0,Radio Ciculo Izquierdo,0.000,Radio Circulo Derecho,0.000,Medicion Ancho,0.000,Medicion Largo,0.000
[2026-04-22T23:49:20.851Z] TX HMR
[2026-04-22T23:49:20.854Z] RX HMR,VS-L1500MX<CR>
[2026-04-22T23:49:20.854Z] TX MOR
[2026-04-22T23:49:20.856Z] RX MOR,1<CR>
[2026-04-22T23:49:20.856Z] TX FVR
[2026-04-22T23:49:20.858Z] RX FVR,1.6.0002<CR>
[2026-04-22T23:51:14.814Z] TX TRG
[2026-04-22T23:51:14.821Z] RX TRG<CR>
[2026-04-22T23:51:15.748Z] RX 1,0,Radio Ciculo Izquierdo,11.739,Radio Circulo Derecho,12.047,Medicion Ancho,47.400,Medicion Largo,516.075<CR>
[2026-04-22T23:51:15.748Z] RX_DATA 1,0,Radio Ciculo Izquierdo,11.739,Radio Circulo Derecho,12.047,Medicion Ancho,47.400,Medicion Largo,516.075
[2026-04-22T23:53:39.929Z] TX TRG
[2026-04-22T23:53:39.931Z] TX TRG
[2026-04-22T23:53:39.935Z] RX TRG<CR>
[2026-04-22T23:53:39.940Z] RX ER,TRG,10001<CR>
[2026-04-22T23:53:40.863Z] RX 1,0,Radio Ciculo Izquierdo,11.727,Radio Circulo Derecho,12.052,Medicion Ancho,47.419,Medicion Largo,516.080<CR>
[2026-04-22T23:53:40.863Z] RX_DATA 1,0,Radio Ciculo Izquierdo,11.727,Radio Circulo Derecho,12.052,Medicion Ancho,47.419,Medicion Largo,516.080
[2026-04-22T23:53:47.450Z] RX 1,0,Radio Ciculo Izquierdo,11.730,Radio Circulo Derecho,12.056,Medicion Ancho,47.423,Medicion Largo,516.082<CR>
[2026-04-22T23:53:47.450Z] RX_DATA 1,0,Radio Ciculo Izquierdo,11.730,Radio Circulo Derecho,12.056,Medicion Ancho,47.423,Medicion Largo,516.082
[2026-04-23T00:05:25.622Z] TX HMR
[2026-04-23T00:05:25.625Z] RX HMR,VS-L1500MX<CR>
[2026-04-23T00:05:25.625Z] TX MOR
[2026-04-23T00:05:25.627Z] RX MOR,1<CR>
[2026-04-23T00:05:25.628Z] TX FVR
[2026-04-23T00:05:25.629Z] RX FVR,1.6.0002<CR>
[2026-04-23T00:05:35.656Z] TX HMR
[2026-04-23T00:05:35.658Z] RX HMR,VS-L1500MX<CR>
[2026-04-23T00:05:35.658Z] TX MOR
[2026-04-23T00:05:35.661Z] RX MOR,1<CR>
[2026-04-23T00:05:35.661Z] TX FVR
[2026-04-23T00:05:35.663Z] RX FVR,1.6.0002<CR>
