[2026-04-23T00:05:20.615Z] TX HMR
[2026-04-23T00:05:20.619Z] RX HMR,VS-L1500MX<CR>
[2026-04-23T00:05:20.620Z] TX MOR
[2026-04-23T00:05:20.623Z] RX MOR,1<CR>
[2026-04-23T00:05:20.623Z] TX FVR
[2026-04-23T00:05:20.627Z] RX FVR,1.6.0002<CR>
[2026-04-23T00:05:30.639Z] TX HMR
[2026-04-23T00:05:30.641Z] RX HMR,VS-L1500MX<CR>
[2026-04-23T00:05:30.641Z] TX MOR
[2026-04-23T00:05:30.643Z] RX MOR,1<CR>
[2026-04-23T00:05:30.643Z] TX FVR
[2026-04-23T00:05:30.645Z] RX FVR,1.6.0002<CR>
[2026-04-23T00:05:46.673Z] TX HMR
[2026-04-23T00:05:46.678Z] RX HMR,VS-L1500MX<CR>
[2026-04-23T00:05:46.679Z] TX MOR
[2026-04-23T00:05:46.681Z] RX MOR,1<CR>
[2026-04-23T00:05:46.681Z] TX FVR
[2026-04-23T00:05:46.684Z] RX FVR,1.6.0002<CR>
[2026-04-23T00:06:56.791Z] TX TRG
[2026-04-23T00:06:56.798Z] RX TRG<CR>
[2026-04-23T00:06:56.892Z] TX TRG
[2026-04-23T00:06:56.898Z] RX ER,TRG,10001<CR>
[2026-04-23T00:06:57.725Z] RX 1,0,Radio Ciculo Izquierdo,11.730,Radio Circulo Derecho,12.036,Medicion Ancho,47.420,Medicion Largo,516.061<CR>
[2026-04-23T00:06:57.726Z] RX_DATA 1,0,Radio Ciculo Izquierdo,11.730,Radio Circulo Derecho,12.036,Medicion Ancho,47.420,Medicion Largo,516.061
[2026-04-23T00:10:47.946Z] TX HMR
[2026-04-23T00:10:47.949Z] RX HMR,VS-L1500MX<CR>
[2026-04-23T00:10:47.949Z] TX MOR
[2026-04-23T00:10:47.952Z] RX MOR,1<CR>
[2026-04-23T00:10:47.952Z] TX FVR
[2026-04-23T00:10:47.954Z] RX FVR,1.6.0002<CR>
[2026-04-23T00:12:10.750Z] TX TRG
[2026-04-23T00:12:10.756Z] RX TRG<CR>
[2026-04-23T00:12:11.682Z] RX 1,0,Radio Ciculo Izquierdo,11.748,Radio Circulo Derecho,12.044,Medicion Ancho,47.395,Medicion Largo,516.018<CR>
[2026-04-23T00:12:11.683Z] RX_DATA 1,0,Radio Ciculo Izquierdo,11.748,Radio Circulo Derecho,12.044,Medicion Ancho,47.395,Medicion Largo,516.018
[2026-04-23T00:12:45.462Z] TX TRG
[2026-04-23T00:12:45.468Z] RX TRG<CR>
[2026-04-23T00:12:45.562Z] TX TRG
[2026-04-23T00:12:45.567Z] RX ER,TRG,10001<CR>
[2026-04-23T00:12:46.394Z] RX 1,0,Radio Ciculo Izquierdo,11.739,Radio Circulo Derecho,12.029,Medicion Ancho,47.391,Medicion Largo,516.019<CR>
[2026-04-23T00:12:46.395Z] RX_DATA 1,0,Radio Ciculo Izquierdo,11.739,Radio Circulo Derecho,12.029,Medicion Ancho,47.391,Medicion Largo,516.019
[2026-04-23T00:12:57.647Z] TX TRG
[2026-04-23T00:12:57.653Z] RX TRG<CR>
[2026-04-23T00:12:58.055Z] TX TRG
[2026-04-23T00:12:58.060Z] RX ER,TRG,10001<CR>
[2026-04-23T00:12:58.579Z] RX 0,1,Radio Ciculo Izquierdo,14.536,Radio Circulo Derecho,8.583,Medicion Ancho,47.375,Medicion Largo,0<CR>
[2026-04-23T00:12:58.580Z] RX_DATA 0,1,Radio Ciculo Izquierdo,14.536,Radio Circulo Derecho,8.583,Medicion Ancho,47.375,Medicion Largo,0
[2026-04-23T00:13:46.079Z] TX TRG
[2026-04-23T00:13:46.081Z] TX TRG
[2026-04-23T00:13:46.085Z] RX TRG<CR>
[2026-04-23T00:13:46.090Z] RX ER,TRG,10001<CR>
[2026-04-23T00:13:47.011Z] RX 1,0,Radio Ciculo Izquierdo,11.734,Radio Circulo Derecho,12.060,Medicion Ancho,47.391,Medicion Largo,516.018<CR>
[2026-04-23T00:13:47.012Z] RX_DATA 1,0,Radio Ciculo Izquierdo,11.734,Radio Circulo Derecho,12.060,Medicion Ancho,47.391,Medicion Largo,516.018
[2026-04-23T00:18:18.110Z] TX TRG
[2026-04-23T00:18:18.116Z] RX TRG<CR>
[2026-04-23T00:18:19.042Z] RX 1,0,Radio Ciculo Izquierdo,11.746,Radio Circulo Derecho,12.060,Medicion Ancho,47.412,Medicion Largo,516.047<CR>
[2026-04-23T00:18:19.042Z] RX_DATA 1,0,Radio Ciculo Izquierdo,11.746,Radio Circulo Derecho,12.060,Medicion Ancho,47.412,Medicion Largo,516.047
[2026-04-23T00:18:31.062Z] TX TRG
[2026-04-23T00:18:31.068Z] RX TRG<CR>
[2026-04-23T00:18:31.995Z] RX 1,0,Radio Ciculo Izquierdo,11.737,Radio Circulo Derecho,12.070,Medicion Ancho,47.407,Medicion Largo,516.048<CR>
[2026-04-23T00:18:31.996Z] RX_DATA 1,0,Radio Ciculo Izquierdo,11.737,Radio Circulo Derecho,12.070,Medicion Ancho,47.407,Medicion Largo,516.048
[2026-04-23T00:22:37.606Z] TX HMR
[2026-04-23T00:22:37.609Z] RX HMR,VS-L1500MX<CR>
[2026-04-23T00:22:37.609Z] TX MOR
[2026-04-23T00:22:37.612Z] RX MOR,1<CR>
[2026-04-23T00:22:37.613Z] TX FVR
[2026-04-23T00:22:37.615Z] RX FVR,1.6.0002<CR>
[2026-04-23T00:33:05.227Z] TX HMR
[2026-04-23T00:33:05.229Z] RX HMR,VS-L1500MX<CR>
[2026-04-23T00:33:05.230Z] TX MOR
[2026-04-23T00:33:05.232Z] RX MOR,1<CR>
[2026-04-23T00:33:05.232Z] TX FVR
[2026-04-23T00:33:05.234Z] RX FVR,1.6.0002<CR>
[2026-04-23T00:34:20.615Z] TX TRG
[2026-04-23T00:34:20.622Z] RX TRG<CR>
[2026-04-23T00:34:21.549Z] RX 1,0,Radio Ciculo Izquierdo,11.743,Radio Circulo Derecho,12.069,Medicion Ancho,47.409,Medicion Largo,516.039<CR>
[2026-04-23T00:34:21.549Z] RX_DATA 1,0,Radio Ciculo Izquierdo,11.743,Radio Circulo Derecho,12.069,Medicion Ancho,47.409,Medicion Largo,516.039
[2026-04-23T00:42:03.818Z] TX HMR
[2026-04-23T00:42:03.821Z] RX HMR,VS-L1500MX<CR>
[2026-04-23T00:42:03.822Z] TX MOR
[2026-04-23T00:42:03.825Z] RX MOR,1<CR>
[2026-04-23T00:42:03.825Z] TX FVR
[2026-04-23T00:42:03.828Z] RX FVR,1.6.0002<CR>
[2026-04-23T00:43:55.382Z] TX TRG
[2026-04-23T00:43:55.389Z] RX TRG<CR>
[2026-04-23T00:43:55.481Z] TX TRG
[2026-04-23T00:43:55.487Z] RX ER,TRG,10001<CR>
[2026-04-23T00:43:56.315Z] RX 1,0,Radio Ciculo Izquierdo,11.729,Radio Circulo Derecho,12.080,Medicion Ancho,47.393,Medicion Largo,516.009<CR>
[2026-04-23T00:43:56.315Z] RX_DATA 1,0,Radio Ciculo Izquierdo,11.729,Radio Circulo Derecho,12.080,Medicion Ancho,47.393,Medicion Largo,516.009
[2026-04-23T00:46:17.212Z] TX HMR
[2026-04-23T00:46:17.214Z] RX HMR,VS-L1500MX<CR>
[2026-04-23T00:46:17.215Z] TX MOR
[2026-04-23T00:46:17.217Z] RX MOR,1<CR>
[2026-04-23T00:46:17.217Z] TX FVR
[2026-04-23T00:46:17.219Z] RX FVR,1.6.0002<CR>
[2026-04-23T00:47:36.255Z] TX TRG
[2026-04-23T00:47:36.262Z] RX TRG<CR>
[2026-04-23T00:47:37.186Z] RX 0,1,Radio Ciculo Izquierdo,11.738,Radio Circulo Derecho,12.056,Medicion Ancho,47.379,Medicion Largo,3.231<CR>
[2026-04-23T00:47:37.187Z] RX_DATA 0,1,Radio Ciculo Izquierdo,11.738,Radio Circulo Derecho,12.056,Medicion Ancho,47.379,Medicion Largo,3.231
[2026-04-23T00:47:45.985Z] TX TRG
[2026-04-23T00:47:45.991Z] RX TRG<CR>
[2026-04-23T00:47:46.918Z] RX 0,1,Radio Ciculo Izquierdo,11.733,Radio Circulo Derecho,12.052,Medicion Ancho,47.380,Medicion Largo,3.229<CR>
[2026-04-23T00:47:46.918Z] RX_DATA 0,1,Radio Ciculo Izquierdo,11.733,Radio Circulo Derecho,12.052,Medicion Ancho,47.380,Medicion Largo,3.229
[2026-04-23T00:48:14.094Z] RX 0,1,Radio Ciculo Izquierdo,11.737,Radio Circulo Derecho,12.069,Medicion Ancho,47.379,Medicion Largo,3.236<CR>
[2026-04-23T00:48:14.095Z] RX_DATA 0,1,Radio Ciculo Izquierdo,11.737,Radio Circulo Derecho,12.069,Medicion Ancho,47.379,Medicion Largo,3.236
[2026-04-23T00:48:34.213Z] TX TRG
[2026-04-23T00:48:34.219Z] RX TRG<CR>
[2026-04-23T00:48:34.316Z] TX TRG
[2026-04-23T00:48:34.322Z] RX ER,TRG,10001<CR>
[2026-04-23T00:48:35.145Z] RX 0,1,Radio Ciculo Izquierdo,11.742,Radio Circulo Derecho,12.035,Medicion Ancho,47.228,Medicion Largo,3.444<CR>
[2026-04-23T00:48:35.145Z] RX_DATA 0,1,Radio Ciculo Izquierdo,11.742,Radio Circulo Derecho,12.035,Medicion Ancho,47.228,Medicion Largo,3.444
[2026-04-23T00:48:52.311Z] RX 0,1,Radio Ciculo Izquierdo,11.730,Radio Circulo Derecho,12.060,Medicion Ancho,47.211,Medicion Largo,3.433<CR>
[2026-04-23T00:48:52.311Z] RX_DATA 0,1,Radio Ciculo Izquierdo,11.730,Radio Circulo Derecho,12.060,Medicion Ancho,47.211,Medicion Largo,3.433
[2026-04-23T00:49:08.823Z] TX TRG
[2026-04-23T00:49:08.831Z] RX TRG<CR>
[2026-04-23T00:49:09.756Z] RX 0,1,Radio Ciculo Izquierdo,11.720,Radio Circulo Derecho,12.108,Medicion Ancho,47.375,Medicion Largo,3.362<CR>
[2026-04-23T00:49:09.756Z] RX_DATA 0,1,Radio Ciculo Izquierdo,11.720,Radio Circulo Derecho,12.108,Medicion Ancho,47.375,Medicion Largo,3.362
[2026-04-23T00:49:28.162Z] TX TRG
[2026-04-23T00:49:28.169Z] RX TRG<CR>
[2026-04-23T00:49:29.095Z] RX 0,1,Radio Ciculo Izquierdo,11.779,Radio Circulo Derecho,12.006,Medicion Ancho,47.382,Medicion Largo,2.654<CR>
[2026-04-23T00:49:29.095Z] RX_DATA 0,1,Radio Ciculo Izquierdo,11.779,Radio Circulo Derecho,12.006,Medicion Ancho,47.382,Medicion Largo,2.654
[2026-04-23T00:52:41.924Z] RX 1,0,Radio Ciculo Izquierdo,14.103,Radio Circulo Derecho,9.505,Medicion Ancho,47.342,Medicion Largo,515.186<CR>
[2026-04-23T00:52:41.924Z] RX_DATA 1,0,Radio Ciculo Izquierdo,14.103,Radio Circulo Derecho,9.505,Medicion Ancho,47.342,Medicion Largo,515.186
[2026-04-23T00:52:55.750Z] TX TRG
[2026-04-23T00:52:55.756Z] RX TRG<CR>
[2026-04-23T00:52:55.946Z] TX TRG
[2026-04-23T00:52:55.951Z] RX ER,TRG,10001<CR>
[2026-04-23T00:52:56.681Z] RX 0,1,Radio Ciculo Izquierdo,11.701,Radio Circulo Derecho,11.783,Medicion Ancho,47.322,Medicion Largo,1.959<CR>
[2026-04-23T00:52:56.682Z] RX_DATA 0,1,Radio Ciculo Izquierdo,11.701,Radio Circulo Derecho,11.783,Medicion Ancho,47.322,Medicion Largo,1.959
[2026-04-23T00:53:25.960Z] TX TRG
[2026-04-23T00:53:25.966Z] RX TRG<CR>
[2026-04-23T00:53:26.051Z] TX TRG
[2026-04-23T00:53:26.057Z] RX ER,TRG,10001<CR>
[2026-04-23T00:53:26.892Z] RX 0,1,Radio Ciculo Izquierdo,11.701,Radio Circulo Derecho,11.078,Medicion Ancho,47.291,Medicion Largo,1.626<CR>
[2026-04-23T00:53:26.893Z] RX_DATA 0,1,Radio Ciculo Izquierdo,11.701,Radio Circulo Derecho,11.078,Medicion Ancho,47.291,Medicion Largo,1.626
[2026-04-23T00:53:46.020Z] TX TRG
[2026-04-23T00:53:46.026Z] RX TRG<CR>
[2026-04-23T00:53:46.951Z] RX 0,1,Radio Ciculo Izquierdo,11.768,Radio Circulo Derecho,12.056,Medicion Ancho,47.387,Medicion Largo,3.116<CR>
[2026-04-23T00:53:46.951Z] RX_DATA 0,1,Radio Ciculo Izquierdo,11.768,Radio Circulo Derecho,12.056,Medicion Ancho,47.387,Medicion Largo,3.116
[2026-04-23T00:58:17.993Z] TX TRG
[2026-04-23T00:58:18.000Z] RX TRG<CR>
[2026-04-23T00:58:18.261Z] TX TRG
[2026-04-23T00:58:18.267Z] RX ER,TRG,10001<CR>
[2026-04-23T00:58:32.022Z] TX TRG
[2026-04-23T00:58:32.028Z] RX TRG<CR>
[2026-04-23T01:03:00.212Z] TX TRG
[2026-04-23T01:03:00.219Z] RX TRG<CR>
[2026-04-23T01:03:01.145Z] RX 0,1,Radio Ciculo Izquierdo,11.765,Radio Circulo Derecho,11.907,Medicion Ancho,47.380,Medicion Largo,0<CR>
[2026-04-23T01:03:01.146Z] RX_DATA 0,1,Radio Ciculo Izquierdo,11.765,Radio Circulo Derecho,11.907,Medicion Ancho,47.380,Medicion Largo,0
[2026-04-23T01:03:51.304Z] TX TRG
[2026-04-23T01:03:51.310Z] RX TRG<CR>
[2026-04-23T01:03:51.467Z] TX TRG
[2026-04-23T01:03:51.473Z] RX ER,TRG,10001<CR>
[2026-04-23T01:03:52.239Z] RX 0,1,Radio Ciculo Izquierdo,11.762,Radio Circulo Derecho,11.913,Medicion Ancho,47.381,Medicion Largo,3.113<CR>
[2026-04-23T01:03:52.239Z] RX_DATA 0,1,Radio Ciculo Izquierdo,11.762,Radio Circulo Derecho,11.913,Medicion Ancho,47.381,Medicion Largo,3.113
[2026-04-23T01:04:33.803Z] TX TRG
[2026-04-23T01:04:33.809Z] RX TRG<CR>
[2026-04-23T01:04:34.107Z] TX TRG
[2026-04-23T01:04:34.112Z] RX ER,TRG,10001<CR>
[2026-04-23T01:04:34.736Z] RX 0,1,Radio Ciculo Izquierdo,11.768,Radio Circulo Derecho,11.911,Medicion Ancho,47.379,Medicion Largo,3.104<CR>
[2026-04-23T01:04:34.737Z] RX_DATA 0,1,Radio Ciculo Izquierdo,11.768,Radio Circulo Derecho,11.911,Medicion Ancho,47.379,Medicion Largo,3.104
[2026-04-23T15:55:21.618Z] TX HMR
[2026-04-23T15:55:21.623Z] RX HMR,VS-L1500MX<CR>
[2026-04-23T15:55:21.624Z] TX MOR
[2026-04-23T15:55:21.628Z] RX MOR,0<CR>
[2026-04-23T15:55:21.628Z] TX FVR
[2026-04-23T15:55:21.630Z] RX FVR,1.6.0002<CR>
[2026-04-23T15:55:47.751Z] TX TRG
[2026-04-23T15:55:47.758Z] RX TRG<CR>
[2026-04-23T15:56:04.307Z] TX TRG
[2026-04-23T15:56:04.314Z] RX TRG<CR>
[2026-04-23T15:56:05.248Z] RX 1,0,Radio Ciculo Izquierdo,11.655,Radio Circulo Derecho,11.728,Medicion Ancho,48.786,Medicion Largo,516.249<CR>
[2026-04-23T15:56:05.248Z] RX_DATA 1,0,Radio Ciculo Izquierdo,11.655,Radio Circulo Derecho,11.728,Medicion Ancho,48.786,Medicion Largo,516.249
[2026-04-23T15:56:28.371Z] TX TRG
[2026-04-23T15:56:28.377Z] RX TRG<CR>
[2026-04-23T15:56:29.316Z] RX 1,0,Radio Ciculo Izquierdo,11.680,Radio Circulo Derecho,11.994,Medicion Ancho,48.678,Medicion Largo,516.309<CR>
[2026-04-23T15:56:29.316Z] RX_DATA 1,0,Radio Ciculo Izquierdo,11.680,Radio Circulo Derecho,11.994,Medicion Ancho,48.678,Medicion Largo,516.309
[2026-04-23T15:57:02.162Z] TX TRG
[2026-04-23T15:57:02.168Z] RX TRG<CR>
[2026-04-23T15:57:02.469Z] TX TRG
[2026-04-23T15:57:02.475Z] RX ER,TRG,10001<CR>
[2026-04-23T15:57:03.103Z] RX 0,1,Radio Ciculo Izquierdo,8.284,Radio Circulo Derecho,5.903,Medicion Ancho,48.497,Medicion Largo,370.494<CR>
[2026-04-23T15:57:03.104Z] RX_DATA 0,1,Radio Ciculo Izquierdo,8.284,Radio Circulo Derecho,5.903,Medicion Ancho,48.497,Medicion Largo,370.494
[2026-04-23T15:57:18.341Z] TX TRG
[2026-04-23T15:57:18.347Z] RX TRG<CR>
[2026-04-23T15:57:18.349Z] TX TRG
[2026-04-23T15:57:18.354Z] RX ER,TRG,10001<CR>
[2026-04-23T15:57:19.285Z] RX 0,1,Radio Ciculo Izquierdo,11.691,Radio Circulo Derecho,0,Medicion Ancho,48.675,Medicion Largo,478.127<CR>
[2026-04-23T15:57:19.285Z] RX_DATA 0,1,Radio Ciculo Izquierdo,11.691,Radio Circulo Derecho,0,Medicion Ancho,48.675,Medicion Largo,478.127
[2026-04-23T15:57:36.588Z] TX TRG
[2026-04-23T15:57:36.596Z] RX TRG<CR>
[2026-04-23T15:57:37.535Z] RX 1,0,Radio Ciculo Izquierdo,11.699,Radio Circulo Derecho,12.055,Medicion Ancho,48.708,Medicion Largo,516.308<CR>
[2026-04-23T15:57:37.536Z] RX_DATA 1,0,Radio Ciculo Izquierdo,11.699,Radio Circulo Derecho,12.055,Medicion Ancho,48.708,Medicion Largo,516.308
[2026-04-23T16:00:42.117Z] TX TRG
[2026-04-23T16:00:42.123Z] RX TRG<CR>
[2026-04-23T16:00:42.526Z] TX TRG
[2026-04-23T16:00:42.532Z] RX ER,TRG,10001<CR>
[2026-04-23T16:00:43.068Z] RX 0,1,Radio Ciculo Izquierdo,11.988,Radio Circulo Derecho,6.965,Medicion Ancho,49.482,Medicion Largo,1.858<CR>
[2026-04-23T16:00:43.069Z] RX_DATA 0,1,Radio Ciculo Izquierdo,11.988,Radio Circulo Derecho,6.965,Medicion Ancho,49.482,Medicion Largo,1.858
[2026-04-23T16:01:05.156Z] TX TRG
[2026-04-23T16:01:05.162Z] RX TRG<CR>
[2026-04-23T16:01:06.108Z] RX 1,0,Radio Ciculo Izquierdo,11.538,Radio Circulo Derecho,12.015,Medicion Ancho,49.672,Medicion Largo,516.172<CR>
[2026-04-23T16:01:06.109Z] RX_DATA 1,0,Radio Ciculo Izquierdo,11.538,Radio Circulo Derecho,12.015,Medicion Ancho,49.672,Medicion Largo,516.172
[2026-04-23T16:14:53.270Z] TX HMR
[2026-04-23T16:14:53.278Z] RX HMR,VS-L1500MX<CR>
[2026-04-23T16:14:53.278Z] TX MOR
[2026-04-23T16:14:53.282Z] RX MOR,1<CR>
[2026-04-23T16:14:53.282Z] TX FVR
[2026-04-23T16:14:53.285Z] RX FVR,1.6.0002<CR>
[2026-04-23T16:14:58.283Z] TX HMR
[2026-04-23T16:14:58.287Z] RX HMR,VS-L1500MX<CR>
[2026-04-23T16:14:58.288Z] TX MOR
[2026-04-23T16:14:58.290Z] RX MOR,1<CR>
[2026-04-23T16:14:58.291Z] TX FVR
[2026-04-23T16:14:58.292Z] RX FVR,1.6.0002<CR>
[2026-04-23T16:15:03.289Z] TX HMR
[2026-04-23T16:15:03.293Z] RX HMR,VS-L1500MX<CR>
[2026-04-23T16:15:03.294Z] TX MOR
[2026-04-23T16:15:03.296Z] RX MOR,1<CR>
[2026-04-23T16:15:03.296Z] TX FVR
[2026-04-23T16:15:03.298Z] RX FVR,1.6.0002<CR>
[2026-04-23T16:15:08.300Z] TX HMR
[2026-04-23T16:15:08.303Z] RX HMR,VS-L1500MX<CR>
[2026-04-23T16:15:08.303Z] TX MOR
[2026-04-23T16:15:08.305Z] RX MOR,1<CR>
[2026-04-23T16:15:08.305Z] TX FVR
[2026-04-23T16:15:08.306Z] RX FVR,1.6.0002<CR>
[2026-04-23T16:17:14.985Z] TX TRG
[2026-04-23T16:17:14.991Z] RX TRG<CR>
[2026-04-23T16:17:15.930Z] RX 1,0,Radio Ciculo Izquierdo,11.612,Radio Circulo Derecho,11.467,Medicion Ancho,48.340,Medicion Largo,516.045<CR>
[2026-04-23T16:17:15.931Z] RX_DATA 1,0,Radio Ciculo Izquierdo,11.612,Radio Circulo Derecho,11.467,Medicion Ancho,48.340,Medicion Largo,516.045
[2026-04-23T16:17:37.104Z] TX TRG
[2026-04-23T16:17:37.110Z] RX TRG<CR>
[2026-04-23T16:17:38.045Z] RX 1,0,Radio Ciculo Izquierdo,11.695,Radio Circulo Derecho,11.496,Medicion Ancho,50.009,Medicion Largo,515.990<CR>
[2026-04-23T16:17:38.046Z] RX_DATA 1,0,Radio Ciculo Izquierdo,11.695,Radio Circulo Derecho,11.496,Medicion Ancho,50.009,Medicion Largo,515.990
[2026-04-23T16:18:01.850Z] TX TRG
[2026-04-23T16:18:01.852Z] TX TRG
[2026-04-23T16:18:01.858Z] RX TRG<CR>
[2026-04-23T16:18:01.863Z] RX ER,TRG,10001<CR>
[2026-04-23T16:18:02.790Z] RX 0,1,Radio Ciculo Izquierdo,9.274,Radio Circulo Derecho,9.143,Medicion Ancho,47.963,Medicion Largo,0<CR>
[2026-04-23T16:18:02.790Z] RX_DATA 0,1,Radio Ciculo Izquierdo,9.274,Radio Circulo Derecho,9.143,Medicion Ancho,47.963,Medicion Largo,0
[2026-04-23T16:19:31.995Z] TX TRG
[2026-04-23T16:19:32.001Z] RX TRG<CR>
[2026-04-23T16:19:32.932Z] RX 0,1,Radio Ciculo Izquierdo,9.091,Radio Circulo Derecho,8.208,Medicion Ancho,50.117,Medicion Largo,0<CR>
[2026-04-23T16:19:32.932Z] RX_DATA 0,1,Radio Ciculo Izquierdo,9.091,Radio Circulo Derecho,8.208,Medicion Ancho,50.117,Medicion Largo,0
[2026-04-23T16:19:52.663Z] TX TRG
[2026-04-23T16:19:52.669Z] RX TRG<CR>
[2026-04-23T16:19:52.705Z] TX TRG
[2026-04-23T16:19:52.710Z] RX ER,TRG,10001<CR>
[2026-04-23T16:19:53.533Z] RX 1,0,Radio Ciculo Izquierdo,0.000,Radio Circulo Derecho,0.000,Medicion Ancho,0.000,Medicion Largo,0.000<CR>
[2026-04-23T16:19:53.533Z] RX_DATA 1,0,Radio Ciculo Izquierdo,0.000,Radio Circulo Derecho,0.000,Medicion Ancho,0.000,Medicion Largo,0.000
[2026-04-23T16:20:11.439Z] TX TRG
[2026-04-23T16:20:11.445Z] RX TRG<CR>
[2026-04-23T16:20:12.376Z] RX 0,1,Radio Ciculo Izquierdo,9.067,Radio Circulo Derecho,8.683,Medicion Ancho,50.128,Medicion Largo,0<CR>
[2026-04-23T16:20:12.377Z] RX_DATA 0,1,Radio Ciculo Izquierdo,9.067,Radio Circulo Derecho,8.683,Medicion Ancho,50.128,Medicion Largo,0
[2026-04-23T16:20:41.838Z] TX TRG
[2026-04-23T16:20:41.844Z] RX TRG<CR>
[2026-04-23T16:20:42.778Z] RX 1,0,Radio Ciculo Izquierdo,11.664,Radio Circulo Derecho,11.393,Medicion Ancho,47.018,Medicion Largo,516.146<CR>
[2026-04-23T16:20:42.778Z] RX_DATA 1,0,Radio Ciculo Izquierdo,11.664,Radio Circulo Derecho,11.393,Medicion Ancho,47.018,Medicion Largo,516.146
[2026-04-23T16:26:27.328Z] TX TRG
[2026-04-23T16:26:27.334Z] RX TRG<CR>
[2026-04-23T16:26:28.267Z] RX 1,0,Radio Ciculo Izquierdo,11.714,Radio Circulo Derecho,11.706,Medicion Ancho,47.091,Medicion Largo,516.146<CR>
[2026-04-23T16:26:28.267Z] RX_DATA 1,0,Radio Ciculo Izquierdo,11.714,Radio Circulo Derecho,11.706,Medicion Ancho,47.091,Medicion Largo,516.146
[2026-04-23T16:31:49.848Z] TX TRG
[2026-04-23T16:31:49.855Z] RX TRG<CR>
[2026-04-23T16:31:49.881Z] TX TRG
[2026-04-23T16:31:49.886Z] RX ER,TRG,10001<CR>
[2026-04-23T16:31:50.789Z] RX 1,0,Radio Ciculo Izquierdo,11.668,Radio Circulo Derecho,11.436,Medicion Ancho,46.966,Medicion Largo,516.153<CR>
[2026-04-23T16:31:50.789Z] RX_DATA 1,0,Radio Ciculo Izquierdo,11.668,Radio Circulo Derecho,11.436,Medicion Ancho,46.966,Medicion Largo,516.153
[2026-04-23T16:39:31.608Z] TX TRG
[2026-04-23T16:39:31.609Z] TX TRG
[2026-04-23T16:39:31.614Z] RX TRG<CR>
[2026-04-23T16:39:31.619Z] RX ER,TRG,10001<CR>
[2026-04-23T16:39:32.548Z] RX 1,0,Radio Ciculo Izquierdo,11.651,Radio Circulo Derecho,11.994,Medicion Ancho,45.899,Medicion Largo,516.133<CR>
[2026-04-23T16:39:32.548Z] RX_DATA 1,0,Radio Ciculo Izquierdo,11.651,Radio Circulo Derecho,11.994,Medicion Ancho,45.899,Medicion Largo,516.133
[2026-04-23T16:41:16.091Z] TX TRG
[2026-04-23T16:41:16.097Z] RX TRG<CR>
[2026-04-23T16:41:17.035Z] RX 1,0,Radio Ciculo Izquierdo,11.665,Radio Circulo Derecho,11.981,Medicion Ancho,47.099,Medicion Largo,516.153<CR>
[2026-04-23T16:41:17.035Z] RX_DATA 1,0,Radio Ciculo Izquierdo,11.665,Radio Circulo Derecho,11.981,Medicion Ancho,47.099,Medicion Largo,516.153
[2026-04-23T16:42:28.349Z] TX TRG
[2026-04-23T16:42:28.350Z] TX TRG
[2026-04-23T16:42:28.355Z] RX TRG<CR>
[2026-04-23T16:42:28.360Z] RX ER,TRG,10001<CR>
[2026-04-23T16:42:29.290Z] RX 1,0,Radio Ciculo Izquierdo,11.611,Radio Circulo Derecho,12.014,Medicion Ancho,47.347,Medicion Largo,516.181<CR>
[2026-04-23T16:42:29.290Z] RX_DATA 1,0,Radio Ciculo Izquierdo,11.611,Radio Circulo Derecho,12.014,Medicion Ancho,47.347,Medicion Largo,516.181
[2026-04-23T16:43:15.556Z] TX TRG
[2026-04-23T16:43:15.562Z] RX TRG<CR>
[2026-04-23T16:43:16.497Z] RX 1,0,Radio Ciculo Izquierdo,11.603,Radio Circulo Derecho,12.027,Medicion Ancho,47.385,Medicion Largo,516.231<CR>
[2026-04-23T16:43:16.498Z] RX_DATA 1,0,Radio Ciculo Izquierdo,11.603,Radio Circulo Derecho,12.027,Medicion Ancho,47.385,Medicion Largo,516.231
[2026-04-23T16:43:24.671Z] TX TRG
[2026-04-23T16:43:24.677Z] RX TRG<CR>
[2026-04-23T16:43:24.776Z] TX TRG
[2026-04-23T16:43:24.781Z] RX ER,TRG,10001<CR>
[2026-04-23T16:43:25.611Z] RX 0,1,Radio Ciculo Izquierdo,10.543,Radio Circulo Derecho,9.829,Medicion Ancho,48.686,Medicion Largo,0<CR>
[2026-04-23T16:43:25.612Z] RX_DATA 0,1,Radio Ciculo Izquierdo,10.543,Radio Circulo Derecho,9.829,Medicion Ancho,48.686,Medicion Largo,0
[2026-04-23T16:44:09.931Z] TX TRG
[2026-04-23T16:44:09.937Z] RX TRG<CR>
[2026-04-23T16:44:10.872Z] RX 0,1,Radio Ciculo Izquierdo,9.541,Radio Circulo Derecho,13.696,Medicion Ancho,48.725,Medicion Largo,0<CR>
[2026-04-23T16:44:10.872Z] RX_DATA 0,1,Radio Ciculo Izquierdo,9.541,Radio Circulo Derecho,13.696,Medicion Ancho,48.725,Medicion Largo,0
[2026-04-23T16:44:25.187Z] TX TRG
[2026-04-23T16:44:25.193Z] RX TRG<CR>
[2026-04-23T16:44:26.132Z] RX 1,0,Radio Ciculo Izquierdo,11.693,Radio Circulo Derecho,11.854,Medicion Ancho,47.515,Medicion Largo,516.262<CR>
[2026-04-23T16:44:26.132Z] RX_DATA 1,0,Radio Ciculo Izquierdo,11.693,Radio Circulo Derecho,11.854,Medicion Ancho,47.515,Medicion Largo,516.262
[2026-04-23T16:44:36.379Z] TX TRG
[2026-04-23T16:44:36.385Z] RX TRG<CR>
[2026-04-23T16:44:36.759Z] TX TRG
[2026-04-23T16:44:36.765Z] RX ER,TRG,10001<CR>
[2026-04-23T16:44:37.324Z] RX 1,0,Radio Ciculo Izquierdo,11.663,Radio Circulo Derecho,12.051,Medicion Ancho,47.467,Medicion Largo,516.268<CR>
[2026-04-23T16:44:37.325Z] RX_DATA 1,0,Radio Ciculo Izquierdo,11.663,Radio Circulo Derecho,12.051,Medicion Ancho,47.467,Medicion Largo,516.268
[2026-04-23T16:44:45.360Z] TX TRG
[2026-04-23T16:44:45.367Z] RX TRG<CR>
[2026-04-23T16:44:46.310Z] RX 1,0,Radio Ciculo Izquierdo,11.616,Radio Circulo Derecho,11.914,Medicion Ancho,50.580,Medicion Largo,515.904<CR>
[2026-04-23T16:44:46.311Z] RX_DATA 1,0,Radio Ciculo Izquierdo,11.616,Radio Circulo Derecho,11.914,Medicion Ancho,50.580,Medicion Largo,515.904
[2026-04-23T16:44:53.355Z] TX TRG
[2026-04-23T16:44:53.360Z] RX TRG<CR>
[2026-04-23T16:44:54.302Z] RX 0,1,Radio Ciculo Izquierdo,9.827,Radio Circulo Derecho,8.423,Medicion Ancho,50.330,Medicion Largo,0<CR>
[2026-04-23T16:44:54.302Z] RX_DATA 0,1,Radio Ciculo Izquierdo,9.827,Radio Circulo Derecho,8.423,Medicion Ancho,50.330,Medicion Largo,0
[2026-04-23T16:45:56.221Z] TX TRG
[2026-04-23T16:45:56.222Z] TX TRG
[2026-04-23T16:45:56.226Z] RX TRG<CR>
[2026-04-23T16:45:56.231Z] RX ER,TRG,10001<CR>
[2026-04-23T16:45:57.162Z] RX 1,0,Radio Ciculo Izquierdo,11.631,Radio Circulo Derecho,12.099,Medicion Ancho,47.084,Medicion Largo,516.183<CR>
[2026-04-23T16:45:57.162Z] RX_DATA 1,0,Radio Ciculo Izquierdo,11.631,Radio Circulo Derecho,12.099,Medicion Ancho,47.084,Medicion Largo,516.183
[2026-04-23T16:46:05.026Z] TX TRG
[2026-04-23T16:46:05.033Z] RX TRG<CR>
[2026-04-23T16:46:05.973Z] RX 1,0,Radio Ciculo Izquierdo,11.557,Radio Circulo Derecho,12.007,Medicion Ancho,49.137,Medicion Largo,515.696<CR>
[2026-04-23T16:46:05.973Z] RX_DATA 1,0,Radio Ciculo Izquierdo,11.557,Radio Circulo Derecho,12.007,Medicion Ancho,49.137,Medicion Largo,515.696
[2026-04-23T16:46:12.706Z] TX TRG
[2026-04-23T16:46:12.712Z] RX TRG<CR>
[2026-04-23T16:46:13.651Z] RX 0,1,Radio Ciculo Izquierdo,9.102,Radio Circulo Derecho,10.940,Medicion Ancho,47.587,Medicion Largo,367.497<CR>
[2026-04-23T16:46:13.652Z] RX_DATA 0,1,Radio Ciculo Izquierdo,9.102,Radio Circulo Derecho,10.940,Medicion Ancho,47.587,Medicion Largo,367.497
[2026-04-23T16:47:04.009Z] TX TRG
[2026-04-23T16:47:04.015Z] RX TRG<CR>
[2026-04-23T16:47:04.025Z] TX TRG
[2026-04-23T16:47:04.030Z] RX ER,TRG,10001<CR>
[2026-04-23T16:47:04.956Z] RX 1,0,Radio Ciculo Izquierdo,11.566,Radio Circulo Derecho,11.784,Medicion Ancho,50.971,Medicion Largo,515.692<CR>
[2026-04-23T16:47:04.956Z] RX_DATA 1,0,Radio Ciculo Izquierdo,11.566,Radio Circulo Derecho,11.784,Medicion Ancho,50.971,Medicion Largo,515.692
[2026-04-23T17:09:13.241Z] TX TRG
[2026-04-23T17:09:13.247Z] RX TRG<CR>
[2026-04-23T17:09:13.256Z] TX TRG
[2026-04-23T17:09:13.261Z] RX ER,TRG,10001<CR>
[2026-04-23T17:09:14.197Z] RX 1,0,Radio Ciculo Izquierdo,11.550,Radio Circulo Derecho,11.287,Medicion Ancho,50.887,Medicion Largo,515.592<CR>
[2026-04-23T17:09:14.198Z] RX_DATA 1,0,Radio Ciculo Izquierdo,11.550,Radio Circulo Derecho,11.287,Medicion Ancho,50.887,Medicion Largo,515.592
[2026-04-23T17:18:41.474Z] TX TRG
[2026-04-23T17:18:41.476Z] TX TRG
[2026-04-23T17:18:41.481Z] RX TRG<CR>
[2026-04-23T17:18:41.485Z] RX ER,TRG,10001<CR>
[2026-04-23T17:18:42.433Z] RX 1,0,Radio Ciculo Izquierdo,11.597,Radio Circulo Derecho,11.182,Medicion Ancho,50.825,Medicion Largo,515.589<CR>
[2026-04-23T17:18:42.433Z] RX_DATA 1,0,Radio Ciculo Izquierdo,11.597,Radio Circulo Derecho,11.182,Medicion Ancho,50.825,Medicion Largo,515.589
[2026-04-23T17:19:35.143Z] TX HMR
[2026-04-23T17:19:35.146Z] RX HMR,VS-L1500MX<CR>
[2026-04-23T17:19:35.146Z] TX MOR
[2026-04-23T17:19:35.149Z] RX MOR,1<CR>
[2026-04-23T17:19:35.149Z] TX FVR
[2026-04-23T17:19:35.151Z] RX FVR,1.6.0002<CR>
[2026-04-23T17:20:34.948Z] TX TRG
[2026-04-23T17:20:34.954Z] RX TRG<CR>
[2026-04-23T17:20:35.121Z] TX TRG
[2026-04-23T17:20:35.126Z] RX ER,TRG,10001<CR>
[2026-04-23T17:20:35.911Z] RX 1,0,Radio Ciculo Izquierdo,11.598,Radio Circulo Derecho,11.603,Medicion Ancho,50.820,Medicion Largo,515.601<CR>
[2026-04-23T17:20:35.912Z] RX_DATA 1,0,Radio Ciculo Izquierdo,11.598,Radio Circulo Derecho,11.603,Medicion Ancho,50.820,Medicion Largo,515.601
[2026-04-23T17:22:31.063Z] TX HMR
[2026-04-23T17:22:31.067Z] RX HMR,VS-L1500MX<CR>
[2026-04-23T17:22:31.067Z] TX MOR
[2026-04-23T17:22:31.069Z] RX MOR,1<CR>
[2026-04-23T17:22:31.070Z] TX FVR
[2026-04-23T17:22:31.072Z] RX FVR,1.6.0002<CR>
[2026-04-23T17:23:31.815Z] TX TRG
[2026-04-23T17:23:31.822Z] RX TRG<CR>
[2026-04-23T17:23:32.785Z] RX 1,0,Radio Ciculo Izquierdo,11.585,Radio Circulo Derecho,11.553,Medicion Ancho,50.812,Medicion Largo,515.598<CR>
[2026-04-23T17:23:32.786Z] RX_DATA 1,0,Radio Ciculo Izquierdo,11.585,Radio Circulo Derecho,11.553,Medicion Ancho,50.812,Medicion Largo,515.598
[2026-04-23T17:28:21.731Z] TX HMR
[2026-04-23T17:28:21.734Z] RX HMR,VS-L1500MX<CR>
[2026-04-23T17:28:21.734Z] TX MOR
[2026-04-23T17:28:21.737Z] RX MOR,1<CR>
[2026-04-23T17:28:21.737Z] TX FVR
[2026-04-23T17:28:21.739Z] RX FVR,1.6.0002<CR>
[2026-04-23T17:29:49.120Z] TX TRG
[2026-04-23T17:29:49.122Z] TX TRG
[2026-04-23T17:29:49.126Z] RX TRG<CR>
[2026-04-23T17:29:49.131Z] RX ER,TRG,10001<CR>
[2026-04-23T17:29:50.087Z] RX 1,0,Radio Ciculo Izquierdo,11.542,Radio Circulo Derecho,11.867,Medicion Ancho,50.866,Medicion Largo,515.659<CR>
[2026-04-23T17:29:50.088Z] RX_DATA 1,0,Radio Ciculo Izquierdo,11.542,Radio Circulo Derecho,11.867,Medicion Ancho,50.866,Medicion Largo,515.659
[2026-04-23T17:31:13.498Z] TX TRG
[2026-04-23T17:31:13.504Z] RX TRG<CR>
[2026-04-23T17:31:14.463Z] RX 1,0,Radio Ciculo Izquierdo,11.530,Radio Circulo Derecho,11.635,Medicion Ancho,50.854,Medicion Largo,515.616<CR>
[2026-04-23T17:31:14.463Z] RX_DATA 1,0,Radio Ciculo Izquierdo,11.530,Radio Circulo Derecho,11.635,Medicion Ancho,50.854,Medicion Largo,515.616
[2026-04-23T17:31:36.895Z] TX HMR
[2026-04-23T17:31:36.899Z] RX HMR,VS-L1500MX<CR>
[2026-04-23T17:31:36.899Z] TX MOR
[2026-04-23T17:31:36.902Z] RX MOR,1<CR>
[2026-04-23T17:31:36.902Z] TX FVR
[2026-04-23T17:31:36.904Z] RX FVR,1.6.0002<CR>
[2026-04-23T17:31:51.398Z] TX TRG
[2026-04-23T17:31:51.404Z] RX TRG<CR>
[2026-04-23T17:31:51.528Z] TX TRG
[2026-04-23T17:31:51.534Z] RX ER,TRG,10001<CR>
[2026-04-23T17:31:52.364Z] RX 1,0,Radio Ciculo Izquierdo,11.575,Radio Circulo Derecho,11.593,Medicion Ancho,50.815,Medicion Largo,515.642<CR>
[2026-04-23T17:31:52.365Z] RX_DATA 1,0,Radio Ciculo Izquierdo,11.575,Radio Circulo Derecho,11.593,Medicion Ancho,50.815,Medicion Largo,515.642
[2026-04-23T17:34:25.114Z] TX HMR
[2026-04-23T17:34:25.117Z] RX HMR,VS-L1500MX<CR>
[2026-04-23T17:34:25.117Z] TX MOR
[2026-04-23T17:34:25.120Z] RX MOR,1<CR>
[2026-04-23T17:34:25.121Z] TX FVR
[2026-04-23T17:34:25.125Z] RX FVR,1.6.0002<CR>
[2026-04-23T17:35:20.397Z] TX TRG
[2026-04-23T17:35:20.404Z] RX TRG<CR>
[2026-04-23T17:35:21.358Z] RX 1,0,Radio Ciculo Izquierdo,11.606,Radio Circulo Derecho,11.800,Medicion Ancho,50.943,Medicion Largo,515.719<CR>
[2026-04-23T17:35:21.358Z] RX_DATA 1,0,Radio Ciculo Izquierdo,11.606,Radio Circulo Derecho,11.800,Medicion Ancho,50.943,Medicion Largo,515.719
[2026-04-23T17:42:06.377Z] TX TRG
[2026-04-23T17:42:06.383Z] RX TRG<CR>
[2026-04-23T17:42:22.049Z] TX TRG
[2026-04-23T17:42:22.055Z] RX TRG<CR>
[2026-04-23T17:42:50.737Z] TX TRG
[2026-04-23T17:42:50.743Z] RX TRG<CR>
[2026-04-23T17:42:51.689Z] RX 0,1,Radio Ciculo Izquierdo,8.255,Radio Circulo Derecho,9.665,Medicion Ancho,50.643,Medicion Largo,2.162<CR>
[2026-04-23T17:42:51.689Z] RX_DATA 0,1,Radio Ciculo Izquierdo,8.255,Radio Circulo Derecho,9.665,Medicion Ancho,50.643,Medicion Largo,2.162
[2026-04-23T17:43:09.783Z] TX TRG
[2026-04-23T17:43:09.784Z] TX TRG
[2026-04-23T17:43:09.789Z] RX TRG<CR>
[2026-04-23T17:43:09.794Z] RX ER,TRG,10001<CR>
[2026-04-23T17:43:10.734Z] RX 0,1,Radio Ciculo Izquierdo,8.792,Radio Circulo Derecho,9.780,Medicion Ancho,50.645,Medicion Largo,2.165<CR>
[2026-04-23T17:43:10.734Z] RX_DATA 0,1,Radio Ciculo Izquierdo,8.792,Radio Circulo Derecho,9.780,Medicion Ancho,50.645,Medicion Largo,2.165
[2026-04-23T17:50:04.707Z] TX TRG
[2026-04-23T17:50:04.712Z] RX TRG<CR>
[2026-04-23T17:50:05.667Z] RX 0,1,Radio Ciculo Izquierdo,9.629,Radio Circulo Derecho,12.699,Medicion Ancho,50.864,Medicion Largo,1.822<CR>
[2026-04-23T17:50:05.668Z] RX_DATA 0,1,Radio Ciculo Izquierdo,9.629,Radio Circulo Derecho,12.699,Medicion Ancho,50.864,Medicion Largo,1.822
[2026-04-23T17:53:17.327Z] TX TRG
[2026-04-23T17:53:17.333Z] RX TRG<CR>
[2026-04-23T17:53:17.422Z] TX TRG
[2026-04-23T17:53:17.427Z] RX ER,TRG,10001<CR>
[2026-04-23T17:53:28.174Z] TX TRG
[2026-04-23T17:53:28.180Z] RX TRG<CR>
[2026-04-23T17:53:33.706Z] TX TRG
[2026-04-23T17:53:33.713Z] RX TRG<CR>
[2026-04-23T17:53:33.864Z] TX TRG
[2026-04-23T17:53:33.869Z] RX ER,TRG,10001<CR>
[2026-04-23T17:53:34.673Z] RX 1,0,Radio Ciculo Izquierdo,11.577,Radio Circulo Derecho,11.190,Medicion Ancho,50.892,Medicion Largo,515.621<CR>
[2026-04-23T17:53:34.673Z] RX_DATA 1,0,Radio Ciculo Izquierdo,11.577,Radio Circulo Derecho,11.190,Medicion Ancho,50.892,Medicion Largo,515.621
[2026-04-23T17:53:47.078Z] TX TRG
[2026-04-23T17:53:47.085Z] RX TRG<CR>
[2026-04-23T17:53:48.045Z] RX 1,0,Radio Ciculo Izquierdo,11.548,Radio Circulo Derecho,11.186,Medicion Ancho,50.929,Medicion Largo,515.625<CR>
[2026-04-23T17:53:48.046Z] RX_DATA 1,0,Radio Ciculo Izquierdo,11.548,Radio Circulo Derecho,11.186,Medicion Ancho,50.929,Medicion Largo,515.625
[2026-04-23T17:54:17.508Z] TX TRG
[2026-04-23T17:54:17.514Z] RX TRG<CR>
[2026-04-23T17:54:18.472Z] RX 0,1,Radio Ciculo Izquierdo,11.619,Radio Circulo Derecho,11.745,Medicion Ancho,48.724,Medicion Largo,516.104<CR>
[2026-04-23T17:54:18.472Z] RX_DATA 0,1,Radio Ciculo Izquierdo,11.619,Radio Circulo Derecho,11.745,Medicion Ancho,48.724,Medicion Largo,516.104
[2026-04-23T18:06:31.747Z] TX TRG
[2026-04-23T18:06:31.754Z] RX TRG<CR>
[2026-04-23T18:06:32.694Z] RX 0,1,Radio Circulo Izquierdo,11.638,Radio Circulo Derecho,12.134,Medicion Ancho,47.556,Medicion Largo,516.134,1,1,0,1<CR>
[2026-04-23T18:06:32.694Z] RX_DATA 0,1,Radio Circulo Izquierdo,11.638,Radio Circulo Derecho,12.134,Medicion Ancho,47.556,Medicion Largo,516.134,1,1,0,1
[2026-04-23T18:07:35.211Z] TX TRG
[2026-04-23T18:07:35.217Z] RX TRG<CR>
[2026-04-23T18:07:36.161Z] RX 1,0,Radio Circulo Izquierdo,11.678,Radio Circulo Derecho,11.800,Medicion Ancho,48.711,Medicion Largo,516.166,1,1,1,1<CR>
[2026-04-23T18:07:36.161Z] RX_DATA 1,0,Radio Circulo Izquierdo,11.678,Radio Circulo Derecho,11.800,Medicion Ancho,48.711,Medicion Largo,516.166,1,1,1,1
[2026-04-23T18:10:00.195Z] TX TRG
[2026-04-23T18:10:00.202Z] RX TRG<CR>
[2026-04-23T18:10:00.529Z] TX TRG
[2026-04-23T18:10:00.535Z] RX ER,TRG,10001<CR>
[2026-04-23T18:10:01.149Z] RX 1,0,Radio Circulo Izquierdo,11.698,Radio Circulo Derecho,11.864,Medicion Ancho,48.617,Medicion Largo,516.235,1,1,1,1<CR>
[2026-04-23T18:10:01.150Z] RX_DATA 1,0,Radio Circulo Izquierdo,11.698,Radio Circulo Derecho,11.864,Medicion Ancho,48.617,Medicion Largo,516.235,1,1,1,1
[2026-04-23T18:13:23.871Z] TX HMR
[2026-04-23T18:13:23.875Z] RX HMR,VS-L1500MX<CR>
[2026-04-23T18:13:23.876Z] TX MOR
[2026-04-23T18:13:23.878Z] RX MOR,1<CR>
[2026-04-23T18:13:23.878Z] TX FVR
[2026-04-23T18:13:23.881Z] RX FVR,1.6.0002<CR>
[2026-04-23T18:13:28.889Z] TX HMR
[2026-04-23T18:13:28.894Z] RX HMR,VS-L1500MX<CR>
[2026-04-23T18:13:28.894Z] TX MOR
[2026-04-23T18:13:28.899Z] RX MOR,1<CR>
[2026-04-23T18:13:28.900Z] TX FVR
[2026-04-23T18:13:28.905Z] RX FVR,1.6.0002<CR>
[2026-04-23T18:13:33.901Z] TX HMR
[2026-04-23T18:13:33.904Z] RX HMR,VS-L1500MX<CR>
[2026-04-23T18:13:33.904Z] TX MOR
[2026-04-23T18:13:33.906Z] RX MOR,1<CR>
[2026-04-23T18:13:33.906Z] TX FVR
[2026-04-23T18:13:33.908Z] RX FVR,1.6.0002<CR>
[2026-04-23T18:13:38.908Z] TX HMR
[2026-04-23T18:13:38.910Z] RX HMR,VS-L1500MX<CR>
[2026-04-23T18:13:38.910Z] TX MOR
[2026-04-23T18:13:38.913Z] RX MOR,1<CR>
[2026-04-23T18:13:38.913Z] TX FVR
[2026-04-23T18:13:38.915Z] RX FVR,1.6.0002<CR>
[2026-04-23T18:13:43.925Z] TX HMR
[2026-04-23T18:13:43.928Z] RX HMR,VS-L1500MX<CR>
[2026-04-23T18:13:43.928Z] TX MOR
[2026-04-23T18:13:43.931Z] RX MOR,1<CR>
[2026-04-23T18:13:43.931Z] TX FVR
[2026-04-23T18:13:43.933Z] RX FVR,1.6.0002<CR>
[2026-04-23T18:13:48.937Z] TX HMR
[2026-04-23T18:13:48.939Z] RX HMR,VS-L1500MX<CR>
[2026-04-23T18:13:48.939Z] TX MOR
[2026-04-23T18:13:48.941Z] RX MOR,1<CR>
[2026-04-23T18:13:48.941Z] TX FVR
[2026-04-23T18:13:48.942Z] RX FVR,1.6.0002<CR>
[2026-04-23T18:13:53.949Z] TX HMR
[2026-04-23T18:13:53.951Z] RX HMR,VS-L1500MX<CR>
[2026-04-23T18:13:53.951Z] TX MOR
[2026-04-23T18:13:53.954Z] RX MOR,1<CR>
[2026-04-23T18:13:53.954Z] TX FVR
[2026-04-23T18:13:53.957Z] RX FVR,1.6.0002<CR>
[2026-04-23T18:13:58.955Z] TX HMR
[2026-04-23T18:13:58.959Z] RX HMR,VS-L1500MX<CR>
[2026-04-23T18:13:58.959Z] TX MOR
[2026-04-23T18:13:58.963Z] RX MOR,1<CR>
[2026-04-23T18:13:58.963Z] TX FVR
[2026-04-23T18:13:58.965Z] RX FVR,1.6.0002<CR>
[2026-04-23T18:14:03.965Z] TX HMR
[2026-04-23T18:14:03.967Z] RX HMR,VS-L1500MX<CR>
[2026-04-23T18:14:03.967Z] TX MOR
[2026-04-23T18:14:03.971Z] RX MOR,1<CR>
[2026-04-23T18:14:03.971Z] TX FVR
[2026-04-23T18:14:03.974Z] RX FVR,1.6.0002<CR>
[2026-04-23T18:14:14.284Z] TX HMR
[2026-04-23T18:14:14.286Z] RX HMR,VS-L1500MX<CR>
[2026-04-23T18:14:14.287Z] TX MOR
[2026-04-23T18:14:14.290Z] RX MOR,1<CR>
[2026-04-23T18:14:14.290Z] TX FVR
[2026-04-23T18:14:14.293Z] RX FVR,1.6.0002<CR>
[2026-04-23T18:15:01.892Z] TX TRG
[2026-04-23T18:15:01.898Z] RX TRG<CR>
[2026-04-23T18:15:02.843Z] RX 1,0,Radio Circulo Izquierdo,11.671,Radio Circulo Derecho,11.759,Medicion Ancho,48.676,Medicion Largo,516.179,1,1,1,1<CR>
[2026-04-23T18:15:02.845Z] RX_DATA 1,0,Radio Circulo Izquierdo,11.671,Radio Circulo Derecho,11.759,Medicion Ancho,48.676,Medicion Largo,516.179,1,1,1,1
[2026-04-23T18:15:21.143Z] TX TRG
[2026-04-23T18:15:21.149Z] RX TRG<CR>
[2026-04-23T18:15:22.094Z] RX 1,0,Radio Circulo Izquierdo,11.666,Radio Circulo Derecho,11.751,Medicion Ancho,48.657,Medicion Largo,516.174,1,1,1,1<CR>
[2026-04-23T18:15:22.094Z] RX_DATA 1,0,Radio Circulo Izquierdo,11.666,Radio Circulo Derecho,11.751,Medicion Ancho,48.657,Medicion Largo,516.174,1,1,1,1
[2026-04-23T18:15:23.088Z] TX TRG
[2026-04-23T18:15:23.097Z] RX TRG<CR>
[2026-04-23T18:15:24.044Z] RX 1,0,Radio Circulo Izquierdo,11.658,Radio Circulo Derecho,11.755,Medicion Ancho,48.671,Medicion Largo,516.172,1,1,1,1<CR>
[2026-04-23T18:15:24.044Z] RX_DATA 1,0,Radio Circulo Izquierdo,11.658,Radio Circulo Derecho,11.755,Medicion Ancho,48.671,Medicion Largo,516.172,1,1,1,1
[2026-04-23T18:15:33.540Z] TX TRG
[2026-04-23T18:15:33.546Z] RX TRG<CR>
[2026-04-23T18:15:33.739Z] TX TRG
[2026-04-23T18:15:33.745Z] RX ER,TRG,10001<CR>
[2026-04-23T18:15:34.490Z] RX 1,0,Radio Circulo Izquierdo,11.683,Radio Circulo Derecho,11.764,Medicion Ancho,48.669,Medicion Largo,516.177,1,1,1,1<CR>
[2026-04-23T18:15:34.491Z] RX_DATA 1,0,Radio Circulo Izquierdo,11.683,Radio Circulo Derecho,11.764,Medicion Ancho,48.669,Medicion Largo,516.177,1,1,1,1
[2026-04-23T18:16:02.622Z] TX TRG
[2026-04-23T18:16:02.629Z] RX TRG<CR>
[2026-04-23T18:16:03.228Z] TX TRG
[2026-04-23T18:16:03.234Z] RX ER,TRG,10001<CR>
[2026-04-23T18:16:03.570Z] RX 0,1,Radio Circulo Izquierdo,0,Radio Circulo Derecho,11.782,Medicion Ancho,48.588,Medicion Largo,516.160,0,1,1,1<CR>
[2026-04-23T18:16:03.570Z] RX_DATA 0,1,Radio Circulo Izquierdo,0,Radio Circulo Derecho,11.782,Medicion Ancho,48.588,Medicion Largo,516.160,0,1,1,1
[2026-04-23T18:17:58.940Z] TX TRG
[2026-04-23T18:17:58.946Z] RX TRG<CR>
[2026-04-23T18:17:59.108Z] TX TRG
[2026-04-23T18:17:59.114Z] RX ER,TRG,10001<CR>
[2026-04-23T18:17:59.889Z] RX 0,1,Radio Circulo Derecho,0,Radio Circulo Izquierdo,11.566,Medicion Ancho,48.609,Medicion Largo,516.164,0,1,1,1<CR>
[2026-04-23T18:17:59.889Z] RX_DATA 0,1,Radio Circulo Derecho,0,Radio Circulo Izquierdo,11.566,Medicion Ancho,48.609,Medicion Largo,516.164,0,1,1,1
[2026-04-23T18:22:01.652Z] TX HMR
[2026-04-23T18:22:01.655Z] RX HMR,VS-L1500MX<CR>
[2026-04-23T18:22:01.655Z] TX MOR
[2026-04-23T18:22:01.657Z] RX MOR,1<CR>
[2026-04-23T18:22:01.658Z] TX FVR
[2026-04-23T18:22:01.659Z] RX FVR,1.6.0002<CR>
[2026-04-23T18:24:07.854Z] TX TRG
[2026-04-23T18:24:07.860Z] RX TRG<CR>
[2026-04-23T18:24:08.802Z] RX 0,1,Radio Circulo Derecho,0,Radio Circulo Izquierdo,9.492,Medicion Ancho,48.566,Medicion Largo,516.179,0,0,1,1<CR>
[2026-04-23T18:24:08.802Z] RX_DATA 0,1,Radio Circulo Derecho,0,Radio Circulo Izquierdo,9.492,Medicion Ancho,48.566,Medicion Largo,516.179,0,0,1,1
[2026-04-23T18:24:23.452Z] TX TRG
[2026-04-23T18:24:23.458Z] RX TRG<CR>
[2026-04-23T18:24:23.758Z] TX TRG
[2026-04-23T18:24:23.764Z] RX ER,TRG,10001<CR>
[2026-04-23T18:24:24.397Z] RX 0,1,Radio Circulo Derecho,83.749,Radio Circulo Izquierdo,9.476,Medicion Ancho,47.534,Medicion Largo,0,0,0,1,0<CR>
[2026-04-23T18:24:24.397Z] RX_DATA 0,1,Radio Circulo Derecho,83.749,Radio Circulo Izquierdo,9.476,Medicion Ancho,47.534,Medicion Largo,0,0,0,1,0
[2026-04-23T18:24:55.406Z] TX TRG
[2026-04-23T18:24:55.412Z] RX TRG<CR>
[2026-04-23T18:24:56.363Z] RX 1,0,Radio Circulo Derecho,11.671,Radio Circulo Izquierdo,11.793,Medicion Ancho,49.869,Medicion Largo,515.951,1,1,1,1<CR>
[2026-04-23T18:24:56.364Z] RX_DATA 1,0,Radio Circulo Derecho,11.671,Radio Circulo Izquierdo,11.793,Medicion Ancho,49.869,Medicion Largo,515.951,1,1,1,1
[2026-04-23T18:25:13.841Z] TX TRG
[2026-04-23T18:25:13.847Z] RX TRG<CR>
[2026-04-23T18:25:13.933Z] TX TRG
[2026-04-23T18:25:13.938Z] RX ER,TRG,10001<CR>
[2026-04-23T18:25:14.797Z] RX 0,1,Radio Circulo Derecho,9.828,Radio Circulo Izquierdo,13.939,Medicion Ancho,49.890,Medicion Largo,0,0,0,1,0<CR>
[2026-04-23T18:25:14.798Z] RX_DATA 0,1,Radio Circulo Derecho,9.828,Radio Circulo Izquierdo,13.939,Medicion Ancho,49.890,Medicion Largo,0,0,0,1,0
[2026-04-23T18:25:35.952Z] TX TRG
[2026-04-23T18:25:35.958Z] RX TRG<CR>
[2026-04-23T18:25:36.067Z] TX TRG
[2026-04-23T18:25:36.072Z] RX ER,TRG,10001<CR>
[2026-04-23T18:25:36.901Z] RX 1,0,Radio Circulo Derecho,11.668,Radio Circulo Izquierdo,11.791,Medicion Ancho,47.891,Medicion Largo,515.933,1,1,1,1<CR>
[2026-04-23T18:25:36.901Z] RX_DATA 1,0,Radio Circulo Derecho,11.668,Radio Circulo Izquierdo,11.791,Medicion Ancho,47.891,Medicion Largo,515.933,1,1,1,1
[2026-04-23T18:25:50.073Z] TX TRG
[2026-04-23T18:25:50.078Z] RX TRG<CR>
[2026-04-23T18:25:50.592Z] TX TRG
[2026-04-23T18:25:50.598Z] RX ER,TRG,10001<CR>
[2026-04-23T18:25:51.022Z] RX 0,1,Radio Circulo Derecho,0,Radio Circulo Izquierdo,11.819,Medicion Ancho,48.332,Medicion Largo,515.940,0,1,1,1<CR>
[2026-04-23T18:25:51.022Z] RX_DATA 0,1,Radio Circulo Derecho,0,Radio Circulo Izquierdo,11.819,Medicion Ancho,48.332,Medicion Largo,515.940,0,1,1,1
[2026-04-23T18:38:41.510Z] TX HMR
[2026-04-23T18:38:41.513Z] RX HMR,VS-L1500MX<CR>
[2026-04-23T18:38:41.513Z] TX MOR
[2026-04-23T18:38:41.515Z] RX MOR,1<CR>
[2026-04-23T18:38:41.515Z] TX FVR
[2026-04-23T18:38:41.518Z] RX FVR,1.6.0002<CR>
[2026-04-23T18:38:58.546Z] TX TRG
[2026-04-23T18:38:58.553Z] RX TRG<CR>
[2026-04-23T18:38:59.503Z] RX 0,1,Radio Circulo Derecho,10.152,Radio Circulo Izquierdo,9.178,Medicion Ancho,48.180,Medicion Largo,249.094,0,0,1,0<CR>
[2026-04-23T18:38:59.504Z] RX_DATA 0,1,Radio Circulo Derecho,10.152,Radio Circulo Izquierdo,9.178,Medicion Ancho,48.180,Medicion Largo,249.094,0,0,1,0
[2026-04-23T18:39:17.196Z] TX TRG
[2026-04-23T18:39:17.202Z] RX TRG<CR>
[2026-04-23T18:39:18.160Z] RX 1,0,Radio Circulo Derecho,11.677,Radio Circulo Izquierdo,11.920,Medicion Ancho,49.913,Medicion Largo,516.023,1,1,1,1<CR>
[2026-04-23T18:39:18.161Z] RX_DATA 1,0,Radio Circulo Derecho,11.677,Radio Circulo Izquierdo,11.920,Medicion Ancho,49.913,Medicion Largo,516.023,1,1,1,1
[2026-04-23T18:39:31.429Z] TX TRG
[2026-04-23T18:39:31.435Z] RX TRG<CR>
[2026-04-23T18:39:32.384Z] RX 1,0,Radio Circulo Derecho,11.743,Radio Circulo Izquierdo,12.076,Medicion Ancho,48.527,Medicion Largo,516.223,1,1,1,1<CR>
[2026-04-23T18:39:32.384Z] RX_DATA 1,0,Radio Circulo Derecho,11.743,Radio Circulo Izquierdo,12.076,Medicion Ancho,48.527,Medicion Largo,516.223,1,1,1,1
[2026-04-23T18:39:45.311Z] TX TRG
[2026-04-23T18:39:45.318Z] RX TRG<CR>
[2026-04-23T18:39:46.262Z] RX 0,1,Radio Circulo Derecho,8.871,Radio Circulo Izquierdo,13.028,Medicion Ancho,47.695,Medicion Largo,477.200,0,0,1,0<CR>
[2026-04-23T18:39:46.262Z] RX_DATA 0,1,Radio Circulo Derecho,8.871,Radio Circulo Izquierdo,13.028,Medicion Ancho,47.695,Medicion Largo,477.200,0,0,1,0
[2026-04-23T18:40:09.010Z] TX TRG
[2026-04-23T18:40:09.016Z] RX TRG<CR>
[2026-04-23T18:40:09.957Z] RX 0,1,Radio Circulo Derecho,0,Radio Circulo Izquierdo,10.637,Medicion Ancho,48.538,Medicion Largo,516.195,0,0,1,1<CR>
[2026-04-23T18:40:09.959Z] RX_DATA 0,1,Radio Circulo Derecho,0,Radio Circulo Izquierdo,10.637,Medicion Ancho,48.538,Medicion Largo,516.195,0,0,1,1
[2026-04-23T18:40:18.422Z] TX TRG
[2026-04-23T18:40:18.428Z] RX TRG<CR>
[2026-04-23T18:40:19.365Z] RX 0,1,Radio Circulo Derecho,0,Radio Circulo Izquierdo,10.742,Medicion Ancho,47.777,Medicion Largo,516.202,0,0,1,1<CR>
[2026-04-23T18:40:19.366Z] RX_DATA 0,1,Radio Circulo Derecho,0,Radio Circulo Izquierdo,10.742,Medicion Ancho,47.777,Medicion Largo,516.202,0,0,1,1
[2026-04-23T18:40:37.296Z] TX TRG
[2026-04-23T18:40:37.302Z] RX TRG<CR>
[2026-04-23T18:40:38.247Z] RX 0,1,Radio Circulo Derecho,11.661,Radio Circulo Izquierdo,0,Medicion Ancho,50.436,Medicion Largo,0,1,0,1,0<CR>
[2026-04-23T18:40:38.247Z] RX_DATA 0,1,Radio Circulo Derecho,11.661,Radio Circulo Izquierdo,0,Medicion Ancho,50.436,Medicion Largo,0,1,0,1,0
[2026-04-23T18:42:26.020Z] TX TRG
[2026-04-23T18:42:26.026Z] RX TRG<CR>
[2026-04-23T18:42:26.983Z] RX 0,1,Radio Circulo Derecho,9.240,Radio Circulo Izquierdo,10.096,Medicion Ancho,50.293,Medicion Largo,481.108,0,0,1,0<CR>
[2026-04-23T18:42:26.983Z] RX_DATA 0,1,Radio Circulo Derecho,9.240,Radio Circulo Izquierdo,10.096,Medicion Ancho,50.293,Medicion Largo,481.108,0,0,1,0
[2026-04-23T18:42:37.049Z] TX TRG
[2026-04-23T18:42:37.055Z] RX TRG<CR>
[2026-04-23T18:42:37.311Z] TX TRG
[2026-04-23T18:42:37.317Z] RX ER,TRG,10001<CR>
[2026-04-23T18:42:38.003Z] RX 0,1,Radio Circulo Derecho,0,Radio Circulo Izquierdo,12.035,Medicion Ancho,50.270,Medicion Largo,515.864,0,1,1,1<CR>
[2026-04-23T18:42:38.003Z] RX_DATA 0,1,Radio Circulo Derecho,0,Radio Circulo Izquierdo,12.035,Medicion Ancho,50.270,Medicion Largo,515.864,0,1,1,1
[2026-04-23T18:43:28.844Z] RX 1,0,Radio Circulo Derecho,11.669,Radio Circulo Izquierdo,11.967,Medicion Ancho,48.307,Medicion Largo,516.157,1,1,1,1<CR>
[2026-04-23T18:43:28.844Z] RX_DATA 1,0,Radio Circulo Derecho,11.669,Radio Circulo Izquierdo,11.967,Medicion Ancho,48.307,Medicion Largo,516.157,1,1,1,1
[2026-04-23T18:51:36.814Z] TX HMR
[2026-04-23T18:51:36.817Z] RX HMR,VS-L1500MX<CR>
[2026-04-23T18:51:36.817Z] TX MOR
[2026-04-23T18:51:36.819Z] RX MOR,1<CR>
[2026-04-23T18:51:36.819Z] TX FVR
[2026-04-23T18:51:36.821Z] RX FVR,1.6.0002<CR>
[2026-04-23T18:55:03.164Z] TX TRG
[2026-04-23T18:55:03.170Z] RX TRG<CR>
[2026-04-23T18:55:04.129Z] RX 1,0,Radio Circulo Derecho,11.638,Radio Circulo Izquierdo,12.027,Medicion Ancho,48.355,Medicion Largo,516.215,1,1,1,1<CR>
[2026-04-23T18:55:04.129Z] RX_DATA 1,0,Radio Circulo Derecho,11.638,Radio Circulo Izquierdo,12.027,Medicion Ancho,48.355,Medicion Largo,516.215,1,1,1,1
[2026-04-23T19:04:09.364Z] TX TRG
[2026-04-23T19:04:09.371Z] RX TRG<CR>
[2026-04-23T19:04:10.329Z] RX 1,0,Radio Circulo Derecho,11.657,Radio Circulo Izquierdo,12.032,Medicion Ancho,48.363,Medicion Largo,516.179,1,1,1,1<CR>
[2026-04-23T19:04:10.330Z] RX_DATA 1,0,Radio Circulo Derecho,11.657,Radio Circulo Izquierdo,12.032,Medicion Ancho,48.363,Medicion Largo,516.179,1,1,1,1
[2026-04-23T19:04:23.801Z] TX TRG
[2026-04-23T19:04:23.803Z] TX TRG
[2026-04-23T19:04:23.807Z] RX TRG<CR>
[2026-04-23T19:04:23.812Z] RX ER,TRG,10001<CR>
[2026-04-23T19:04:24.758Z] RX 1,0,Radio Circulo Derecho,11.725,Radio Circulo Izquierdo,12.024,Medicion Ancho,47.655,Medicion Largo,516.328,1,1,1,1<CR>
[2026-04-23T19:04:24.759Z] RX_DATA 1,0,Radio Circulo Derecho,11.725,Radio Circulo Izquierdo,12.024,Medicion Ancho,47.655,Medicion Largo,516.328,1,1,1,1
[2026-04-23T19:06:09.092Z] TX TRG
[2026-04-23T19:06:09.098Z] RX TRG<CR>
[2026-04-23T19:06:10.044Z] RX 1,0,Radio Circulo Derecho,11.711,Radio Circulo Izquierdo,12.000,Medicion Ancho,47.665,Medicion Largo,516.333,1,1,1,1<CR>
[2026-04-23T19:06:10.045Z] RX_DATA 1,0,Radio Circulo Derecho,11.711,Radio Circulo Izquierdo,12.000,Medicion Ancho,47.665,Medicion Largo,516.333,1,1,1,1
[2026-04-23T19:25:40.230Z] TX HMR
[2026-04-23T21:33:05.464Z] TX HMR
[2026-04-23T21:33:05.467Z] RX HMR,VS-L1500CX<CR>
[2026-04-23T21:33:05.467Z] TX MOR
[2026-04-23T21:33:05.469Z] RX MOR,1<CR>
[2026-04-23T21:33:05.469Z] TX FVR
[2026-04-23T21:33:05.471Z] RX FVR,1.6.0002<CR>
[2026-04-23T21:33:25.527Z] RX 0,1,Radio Circulo Derecho,0,Radio Circulo Izquierdo,0,Medicion Ancho,0,Medicion Largo,0,0,0,0,0<CR>
[2026-04-23T21:33:25.528Z] RX_DATA 0,1,Radio Circulo Derecho,0,Radio Circulo Izquierdo,0,Medicion Ancho,0,Medicion Largo,0,0,0,0,0
[2026-04-23T21:33:59.992Z] TX TRG
[2026-04-23T21:33:59.998Z] RX TRG<CR>
[2026-04-23T21:34:00.402Z] TX TRG
[2026-04-23T21:34:00.405Z] TX TRG
[2026-04-23T21:34:00.410Z] RX ER,TRG,10001<CR>
[2026-04-23T21:34:00.415Z] RX ER,TRG,10001<CR>
[2026-04-23T21:40:27.304Z] RX 1,0,Radio Circulo Derecho,13.139,Radio Circulo Izquierdo,13.258,Medicion Ancho,50.823,Medicion Largo,565.532,1,1,1,1<CR>
[2026-04-23T21:40:27.305Z] RX_DATA 1,0,Radio Circulo Derecho,13.139,Radio Circulo Izquierdo,13.258,Medicion Ancho,50.823,Medicion Largo,565.532,1,1,1,1
[2026-04-23T21:40:58.188Z] TX TRG
[2026-04-23T21:40:58.194Z] RX TRG<CR>
[2026-04-23T21:40:58.985Z] RX 1,0,Radio Circulo Derecho,13.040,Radio Circulo Izquierdo,13.175,Medicion Ancho,51.218,Medicion Largo,565.636,1,1,1,1<CR>
[2026-04-23T21:40:58.985Z] RX_DATA 1,0,Radio Circulo Derecho,13.040,Radio Circulo Izquierdo,13.175,Medicion Ancho,51.218,Medicion Largo,565.636,1,1,1,1
[2026-04-23T21:42:00.652Z] TX TRG
[2026-04-23T21:42:00.658Z] RX TRG<CR>
[2026-04-23T21:42:01.437Z] RX 0,1,Radio Circulo Derecho,0,Radio Circulo Izquierdo,0,Medicion Ancho,0,Medicion Largo,0,0,0,0,0<CR>
[2026-04-23T21:42:01.437Z] RX_DATA 0,1,Radio Circulo Derecho,0,Radio Circulo Izquierdo,0,Medicion Ancho,0,Medicion Largo,0,0,0,0,0
[2026-04-23T21:42:09.926Z] TX TRG
[2026-04-23T21:42:09.933Z] RX TRG<CR>
[2026-04-23T21:42:10.231Z] TX TRG
[2026-04-23T21:42:10.236Z] RX ER,TRG,10001<CR>
[2026-04-23T21:42:10.732Z] RX 0,1,Radio Circulo Derecho,12.995,Radio Circulo Izquierdo,13.690,Medicion Ancho,51.542,Medicion Largo,3.447,0,1,1,0<CR>
[2026-04-23T21:42:10.732Z] RX_DATA 0,1,Radio Circulo Derecho,12.995,Radio Circulo Izquierdo,13.690,Medicion Ancho,51.542,Medicion Largo,3.447,0,1,1,0
[2026-04-23T21:42:20.761Z] TX TRG
[2026-04-23T21:42:20.767Z] RX TRG<CR>
[2026-04-23T21:42:21.563Z] RX 0,1,Radio Circulo Derecho,12.955,Radio Circulo Izquierdo,12.961,Medicion Ancho,51.306,Medicion Largo,564.905,0,0,1,0<CR>
[2026-04-23T21:42:21.563Z] RX_DATA 0,1,Radio Circulo Derecho,12.955,Radio Circulo Izquierdo,12.961,Medicion Ancho,51.306,Medicion Largo,564.905,0,0,1,0
[2026-04-23T21:43:27.487Z] TX TRG
[2026-04-23T21:43:27.493Z] RX TRG<CR>
[2026-04-23T21:43:28.290Z] RX 1,0,Radio Circulo Derecho,12.975,Radio Circulo Izquierdo,13.116,Medicion Ancho,51.352,Medicion Largo,565.588,1,1,1,1<CR>
[2026-04-23T21:43:28.290Z] RX_DATA 1,0,Radio Circulo Derecho,12.975,Radio Circulo Izquierdo,13.116,Medicion Ancho,51.352,Medicion Largo,565.588,1,1,1,1
[2026-04-23T21:44:14.744Z] TX TRG
[2026-04-23T21:44:14.750Z] RX TRG<CR>
[2026-04-23T21:44:15.540Z] RX 1,0,Radio Circulo Derecho,13.129,Radio Circulo Izquierdo,11.011,Medicion Ancho,50.568,Medicion Largo,565.461,1,1,1,1<CR>
[2026-04-23T21:44:15.541Z] RX_DATA 1,0,Radio Circulo Derecho,13.129,Radio Circulo Izquierdo,11.011,Medicion Ancho,50.568,Medicion Largo,565.461,1,1,1,1
[2026-04-23T21:44:33.636Z] TX TRG
[2026-04-23T21:44:33.643Z] RX TRG<CR>
[2026-04-23T21:44:34.428Z] RX 0,1,Radio Circulo Derecho,13.135,Radio Circulo Izquierdo,14.068,Medicion Ancho,50.394,Medicion Largo,2.362,1,0,1,0<CR>
[2026-04-23T21:44:34.429Z] RX_DATA 0,1,Radio Circulo Derecho,13.135,Radio Circulo Izquierdo,14.068,Medicion Ancho,50.394,Medicion Largo,2.362,1,0,1,0
[2026-04-23T21:45:11.319Z] TX TRG
[2026-04-23T21:45:11.325Z] RX TRG<CR>
[2026-04-23T21:45:12.118Z] RX 0,1,Radio Circulo Derecho,13.085,Radio Circulo Izquierdo,14.780,Medicion Ancho,51.033,Medicion Largo,565.526,1,0,1,1<CR>
[2026-04-23T21:45:12.118Z] RX_DATA 0,1,Radio Circulo Derecho,13.085,Radio Circulo Izquierdo,14.780,Medicion Ancho,51.033,Medicion Largo,565.526,1,0,1,1
[2026-04-23T21:45:38.048Z] TX TRG
[2026-04-23T21:45:38.055Z] RX TRG<CR>
[2026-04-23T21:45:38.517Z] TX TRG
[2026-04-23T21:45:38.523Z] RX ER,TRG,10001<CR>
[2026-04-23T21:45:38.844Z] RX 1,0,Radio Circulo Derecho,13.041,Radio Circulo Izquierdo,13.578,Medicion Ancho,51.661,Medicion Largo,565.970,1,1,1,1<CR>
[2026-04-23T21:45:38.845Z] RX_DATA 1,0,Radio Circulo Derecho,13.041,Radio Circulo Izquierdo,13.578,Medicion Ancho,51.661,Medicion Largo,565.970,1,1,1,1
[2026-04-23T21:45:54.634Z] TX TRG
[2026-04-23T21:45:54.641Z] RX TRG<CR>
[2026-04-23T21:45:55.344Z] RX 1,0,Radio Circulo Derecho,0.000,Radio Circulo Izquierdo,0.000,Medicion Ancho,0.000,Medicion Largo,0.000,0.000,0.000,0.000,0.000<CR>
[2026-04-23T21:45:55.344Z] RX_DATA 1,0,Radio Circulo Derecho,0.000,Radio Circulo Izquierdo,0.000,Medicion Ancho,0.000,Medicion Largo,0.000,0.000,0.000,0.000,0.000
[2026-04-23T21:46:05.386Z] TX TRG
[2026-04-23T21:46:05.392Z] RX TRG<CR>
[2026-04-23T21:46:05.495Z] TX TRG
[2026-04-23T21:46:05.501Z] RX ER,TRG,10001<CR>
[2026-04-23T21:46:06.186Z] RX 1,0,Radio Circulo Derecho,13.012,Radio Circulo Izquierdo,13.456,Medicion Ancho,51.190,Medicion Largo,565.305,1,1,1,1<CR>
[2026-04-23T21:46:06.186Z] RX_DATA 1,0,Radio Circulo Derecho,13.012,Radio Circulo Izquierdo,13.456,Medicion Ancho,51.190,Medicion Largo,565.305,1,1,1,1
[2026-04-23T21:49:35.714Z] TX TRG
[2026-04-23T21:49:35.720Z] RX TRG<CR>
[2026-04-23T21:49:36.515Z] RX 1,0,Perforacion 2,13.029,Perforacion 1,13.454,Ancho,51.090,Largo,565.410,1,1,1,1<CR>
[2026-04-23T21:49:36.515Z] RX_DATA 1,0,Perforacion 2,13.029,Perforacion 1,13.454,Ancho,51.090,Largo,565.410,1,1,1,1
[2026-04-23T21:50:19.707Z] TX TRG
[2026-04-23T21:50:19.713Z] RX TRG<CR>
[2026-04-23T21:50:20.145Z] TX TRG
[2026-04-23T21:50:20.152Z] RX ER,TRG,10001<CR>
[2026-04-23T21:50:20.508Z] RX 1,0,Perforación 2,13.029,Perforación 1,13.485,Ancho,51.080,Largo,565.389,1,1,1,1<CR>
[2026-04-23T21:50:20.508Z] RX_DATA 1,0,Perforación 2,13.029,Perforación 1,13.485,Ancho,51.080,Largo,565.389,1,1,1,1
[2026-04-23T21:52:39.717Z] TX TRG
[2026-04-23T21:52:39.723Z] RX TRG<CR>
[2026-04-23T21:52:39.946Z] TX TRG
[2026-04-23T21:52:39.952Z] RX ER,TRG,10001<CR>
[2026-04-23T21:52:40.516Z] RX 1,0,Perforación 2,13.029,Perforación 1,13.490,Ancho,51.061,Largo,565.384,1,1,1,1<CR>
[2026-04-23T21:52:40.516Z] RX_DATA 1,0,Perforación 2,13.029,Perforación 1,13.490,Ancho,51.061,Largo,565.384,1,1,1,1
[2026-04-23T21:54:00.006Z] TX TRG
[2026-04-23T21:54:00.012Z] RX TRG<CR>
[2026-04-23T21:54:00.805Z] RX 0,1,Perforación 2,11.912,Perforación 1,8.985,Ancho,46.600,Largo,515.984,1,0,0,0<CR>
[2026-04-23T21:54:00.805Z] RX_DATA 0,1,Perforación 2,11.912,Perforación 1,8.985,Ancho,46.600,Largo,515.984,1,0,0,0
[2026-04-23T21:55:03.289Z] TX TRG
[2026-04-23T21:55:03.295Z] RX TRG<CR>
[2026-04-23T21:55:04.088Z] RX 0,1,Perforación 2,11.866,Perforación 1,171.616,Ancho,46.619,Largo,515.967,1,0,1,1<CR>
[2026-04-23T21:55:04.088Z] RX_DATA 0,1,Perforación 2,11.866,Perforación 1,171.616,Ancho,46.619,Largo,515.967,1,0,1,1
[2026-04-23T21:55:16.278Z] TX TRG
[2026-04-23T21:55:16.284Z] RX TRG<CR>
[2026-04-23T21:55:16.614Z] TX TRG
[2026-04-23T21:55:16.619Z] RX ER,TRG,10001<CR>
[2026-04-23T21:55:17.077Z] RX 1,0,Perforación 2,11.896,Perforación 1,12.058,Ancho,46.794,Largo,515.591,1,1,1,1<CR>
[2026-04-23T21:55:17.077Z] RX_DATA 1,0,Perforación 2,11.896,Perforación 1,12.058,Ancho,46.794,Largo,515.591,1,1,1,1
[2026-04-23T21:56:27.986Z] TX TRG
[2026-04-23T21:56:27.992Z] RX TRG<CR>
[2026-04-23T21:56:28.787Z] RX 0,1,Perforación 2,11.886,Perforación 1,0,Ancho,46.816,Largo,515.750,1,0,1,1<CR>
[2026-04-23T21:56:28.787Z] RX_DATA 0,1,Perforación 2,11.886,Perforación 1,0,Ancho,46.816,Largo,515.750,1,0,1,1
[2026-04-23T21:56:46.916Z] TX TRG
[2026-04-23T21:56:46.922Z] RX TRG<CR>
[2026-04-23T21:56:47.717Z] RX 1,0,Perforación 2,11.891,Perforación 1,12.002,Ancho,46.782,Largo,515.742,1,1,1,1<CR>
[2026-04-23T21:56:47.717Z] RX_DATA 1,0,Perforación 2,11.891,Perforación 1,12.002,Ancho,46.782,Largo,515.742,1,1,1,1
[2026-04-23T21:57:10.379Z] TX TRG
[2026-04-23T21:57:10.385Z] RX TRG<CR>
[2026-04-23T21:57:10.478Z] TX TRG
[2026-04-23T21:57:10.484Z] RX ER,TRG,10001<CR>
[2026-04-23T21:57:11.176Z] RX 0,1,Perforación 2,0,Perforación 1,11.950,Ancho,46.740,Largo,515.794,0,1,1,1<CR>
[2026-04-23T21:57:11.176Z] RX_DATA 0,1,Perforación 2,0,Perforación 1,11.950,Ancho,46.740,Largo,515.794,0,1,1,1
[2026-04-23T21:57:26.115Z] TX TRG
[2026-04-23T21:57:26.121Z] RX TRG<CR>
[2026-04-23T21:57:26.911Z] RX 1,0,Perforación 2,11.860,Perforación 1,11.982,Ancho,46.753,Largo,515.771,1,1,1,1<CR>
[2026-04-23T21:57:26.911Z] RX_DATA 1,0,Perforación 2,11.860,Perforación 1,11.982,Ancho,46.753,Largo,515.771,1,1,1,1
[2026-04-23T21:57:35.725Z] TX TRG
[2026-04-23T21:57:35.733Z] RX TRG<CR>
[2026-04-23T21:57:36.069Z] TX TRG
[2026-04-23T21:57:36.075Z] RX ER,TRG,10001<CR>
[2026-04-23T21:57:36.524Z] RX 1,0,Perforación 2,11.856,Perforación 1,11.981,Ancho,46.670,Largo,515.772,1,1,1,1<CR>
[2026-04-23T21:57:36.524Z] RX_DATA 1,0,Perforación 2,11.856,Perforación 1,11.981,Ancho,46.670,Largo,515.772,1,1,1,1
[2026-04-23T21:57:52.066Z] TX TRG
[2026-04-23T21:57:52.072Z] RX TRG<CR>
[2026-04-23T21:57:52.862Z] RX 1,0,Perforación 2,11.874,Perforación 1,12.027,Ancho,46.549,Largo,515.837,1,1,1,1<CR>
[2026-04-23T21:57:52.863Z] RX_DATA 1,0,Perforación 2,11.874,Perforación 1,12.027,Ancho,46.549,Largo,515.837,1,1,1,1
[2026-04-23T21:58:14.468Z] TX TRG
[2026-04-23T21:58:14.474Z] RX TRG<CR>
[2026-04-23T21:58:15.264Z] RX 1,0,Perforación 2,11.867,Perforación 1,11.971,Ancho,46.660,Largo,515.709,1,1,1,1<CR>
[2026-04-23T21:58:15.264Z] RX_DATA 1,0,Perforación 2,11.867,Perforación 1,11.971,Ancho,46.660,Largo,515.709,1,1,1,1
[2026-04-23T21:58:22.937Z] TX TRG
[2026-04-23T21:58:22.943Z] RX TRG<CR>
[2026-04-23T21:58:22.983Z] TX TRG
[2026-04-23T21:58:22.989Z] RX ER,TRG,10001<CR>
[2026-04-23T21:58:23.733Z] RX 1,0,Perforación 2,11.872,Perforación 1,11.975,Ancho,46.678,Largo,515.726,1,1,1,1<CR>
[2026-04-23T21:58:23.733Z] RX_DATA 1,0,Perforación 2,11.872,Perforación 1,11.975,Ancho,46.678,Largo,515.726,1,1,1,1
[2026-04-23T21:58:34.129Z] TX TRG
[2026-04-23T21:58:34.135Z] RX TRG<CR>
[2026-04-23T21:58:34.926Z] RX 1,0,Perforación 2,11.865,Perforación 1,11.991,Ancho,46.711,Largo,515.728,1,1,1,1<CR>
[2026-04-23T21:58:34.927Z] RX_DATA 1,0,Perforación 2,11.865,Perforación 1,11.991,Ancho,46.711,Largo,515.728,1,1,1,1
[2026-04-23T21:58:44.581Z] TX TRG
[2026-04-23T21:58:44.587Z] RX TRG<CR>
[2026-04-23T21:58:45.377Z] RX 1,0,Perforación 2,11.866,Perforación 1,11.953,Ancho,46.702,Largo,515.802,1,1,1,1<CR>
[2026-04-23T21:58:45.378Z] RX_DATA 1,0,Perforación 2,11.866,Perforación 1,11.953,Ancho,46.702,Largo,515.802,1,1,1,1
[2026-04-23T21:58:54.293Z] TX TRG
[2026-04-23T21:58:54.300Z] RX TRG<CR>
[2026-04-23T21:58:54.335Z] TX TRG
[2026-04-23T21:58:54.341Z] RX ER,TRG,10001<CR>
[2026-04-23T21:58:55.089Z] RX 1,0,Perforación 2,11.862,Perforación 1,11.983,Ancho,46.684,Largo,515.724,1,1,1,1<CR>
[2026-04-23T21:58:55.089Z] RX_DATA 1,0,Perforación 2,11.862,Perforación 1,11.983,Ancho,46.684,Largo,515.724,1,1,1,1
[2026-04-23T21:59:09.575Z] TX TRG
[2026-04-23T21:59:09.582Z] RX TRG<CR>
[2026-04-23T21:59:09.756Z] TX TRG
[2026-04-23T21:59:09.762Z] RX ER,TRG,10001<CR>
[2026-04-23T21:59:10.373Z] RX 1,0,Perforación 2,11.862,Perforación 1,11.984,Ancho,46.700,Largo,515.732,1,1,1,1<CR>
[2026-04-23T21:59:10.373Z] RX_DATA 1,0,Perforación 2,11.862,Perforación 1,11.984,Ancho,46.700,Largo,515.732,1,1,1,1
[2026-04-23T21:59:16.740Z] TX TRG
[2026-04-23T21:59:16.747Z] RX TRG<CR>
[2026-04-23T21:59:17.537Z] RX 1,0,Perforación 2,11.863,Perforación 1,11.985,Ancho,46.674,Largo,515.717,1,1,1,1<CR>
[2026-04-23T21:59:17.537Z] RX_DATA 1,0,Perforación 2,11.863,Perforación 1,11.985,Ancho,46.674,Largo,515.717,1,1,1,1
[2026-04-23T21:59:26.518Z] TX TRG
[2026-04-23T21:59:26.524Z] RX TRG<CR>
[2026-04-23T21:59:26.539Z] TX TRG
[2026-04-23T21:59:26.544Z] RX ER,TRG,10001<CR>
[2026-04-23T21:59:27.314Z] RX 1,0,Perforación 2,11.870,Perforación 1,11.962,Ancho,46.698,Largo,515.657,1,1,1,1<CR>
[2026-04-23T21:59:27.314Z] RX_DATA 1,0,Perforación 2,11.870,Perforación 1,11.962,Ancho,46.698,Largo,515.657,1,1,1,1
[2026-04-23T21:59:52.464Z] TX TRG
[2026-04-23T21:59:52.470Z] RX TRG<CR>
[2026-04-23T21:59:53.262Z] RX 1,0,Perforación 2,11.864,Perforación 1,11.983,Ancho,46.714,Largo,515.781,1,1,1,1<CR>
[2026-04-23T21:59:53.262Z] RX_DATA 1,0,Perforación 2,11.864,Perforación 1,11.983,Ancho,46.714,Largo,515.781,1,1,1,1
[2026-04-23T22:00:58.715Z] TX TRG
[2026-04-23T22:00:58.717Z] TX TRG
[2026-04-23T22:00:58.722Z] RX TRG<CR>
[2026-04-23T22:00:58.727Z] RX ER,TRG,10001<CR>
[2026-04-23T22:00:59.513Z] RX 1,0,Perforación 2,11.880,Perforación 1,11.982,Ancho,50.689,Largo,515.808,1,1,1,1<CR>
[2026-04-23T22:00:59.513Z] RX_DATA 1,0,Perforación 2,11.880,Perforación 1,11.982,Ancho,50.689,Largo,515.808,1,1,1,1
[2026-04-23T22:01:19.708Z] TX TRG
[2026-04-23T22:01:19.714Z] RX TRG<CR>
[2026-04-23T22:01:20.506Z] RX 1,0,Perforación 2,11.873,Perforación 1,11.990,Ancho,50.679,Largo,515.807,1,1,1,1<CR>
[2026-04-23T22:01:20.506Z] RX_DATA 1,0,Perforación 2,11.873,Perforación 1,11.990,Ancho,50.679,Largo,515.807,1,1,1,1
[2026-04-23T22:05:20.962Z] TX TRG
[2026-04-23T22:05:20.968Z] RX TRG<CR>
[2026-04-23T22:05:21.757Z] RX 1,0,Perforación 2,11.904,Perforación 1,12.051,Ancho,50.640,Largo,515.738,1,1,1,1<CR>
[2026-04-23T22:05:21.757Z] RX_DATA 1,0,Perforación 2,11.904,Perforación 1,12.051,Ancho,50.640,Largo,515.738,1,1,1,1
[2026-04-23T22:05:39.085Z] TX TRG
[2026-04-23T22:05:39.091Z] RX TRG<CR>
[2026-04-23T22:05:39.882Z] RX 1,0,Perforación 2,11.887,Perforación 1,12.005,Ancho,50.622,Largo,515.754,1,1,1,1<CR>
[2026-04-23T22:05:39.883Z] RX_DATA 1,0,Perforación 2,11.887,Perforación 1,12.005,Ancho,50.622,Largo,515.754,1,1,1,1
[2026-04-23T22:05:49.027Z] TX TRG
[2026-04-23T22:05:49.034Z] RX TRG<CR>
[2026-04-23T22:05:49.824Z] RX 1,0,Perforación 2,11.897,Perforación 1,11.973,Ancho,50.651,Largo,515.749,1,1,1,1<CR>
[2026-04-23T22:05:49.824Z] RX_DATA 1,0,Perforación 2,11.897,Perforación 1,11.973,Ancho,50.651,Largo,515.749,1,1,1,1
[2026-04-23T22:05:58.541Z] TX TRG
[2026-04-23T22:05:58.547Z] RX TRG<CR>
[2026-04-23T22:05:59.337Z] RX 1,0,Perforación 2,11.899,Perforación 1,11.937,Ancho,50.664,Largo,515.639,1,1,1,1<CR>
[2026-04-23T22:05:59.337Z] RX_DATA 1,0,Perforación 2,11.899,Perforación 1,11.937,Ancho,50.664,Largo,515.639,1,1,1,1
[2026-04-23T22:06:08.269Z] TX TRG
[2026-04-23T22:06:08.275Z] RX TRG<CR>
[2026-04-23T22:06:09.066Z] RX 1,0,Perforación 2,11.900,Perforación 1,11.971,Ancho,50.668,Largo,515.749,1,1,1,1<CR>
[2026-04-23T22:06:09.066Z] RX_DATA 1,0,Perforación 2,11.900,Perforación 1,11.971,Ancho,50.668,Largo,515.749,1,1,1,1
[2026-04-23T22:06:17.673Z] TX TRG
[2026-04-23T22:06:17.677Z] TX TRG
[2026-04-23T22:06:17.679Z] RX TRG<CR>
[2026-04-23T22:06:17.684Z] RX ER,TRG,10001<CR>
[2026-04-23T22:06:18.469Z] RX 1,0,Perforación 2,11.904,Perforación 1,11.982,Ancho,50.638,Largo,515.742,1,1,1,1<CR>
[2026-04-23T22:06:18.469Z] RX_DATA 1,0,Perforación 2,11.904,Perforación 1,11.982,Ancho,50.638,Largo,515.742,1,1,1,1
[2026-04-23T22:06:25.693Z] TX TRG
[2026-04-23T22:06:25.699Z] RX TRG<CR>
[2026-04-23T22:06:26.488Z] RX 1,0,Perforación 2,11.904,Perforación 1,11.995,Ancho,50.631,Largo,515.739,1,1,1,1<CR>
[2026-04-23T22:06:26.488Z] RX_DATA 1,0,Perforación 2,11.904,Perforación 1,11.995,Ancho,50.631,Largo,515.739,1,1,1,1
[2026-04-23T22:06:32.921Z] TX TRG
[2026-04-23T22:06:32.927Z] RX TRG<CR>
[2026-04-23T22:06:33.712Z] RX 1,0,Perforación 2,11.958,Perforación 1,12.037,Ancho,50.568,Largo,515.651,1,1,1,1<CR>
[2026-04-23T22:06:33.712Z] RX_DATA 1,0,Perforación 2,11.958,Perforación 1,12.037,Ancho,50.568,Largo,515.651,1,1,1,1
[2026-04-23T22:06:41.067Z] TX TRG
[2026-04-23T22:06:41.073Z] RX TRG<CR>
[2026-04-23T22:06:41.857Z] RX 1,0,Perforación 2,11.973,Perforación 1,12.071,Ancho,46.263,Largo,515.638,1,1,1,1<CR>
[2026-04-23T22:06:41.857Z] RX_DATA 1,0,Perforación 2,11.973,Perforación 1,12.071,Ancho,46.263,Largo,515.638,1,1,1,1
[2026-04-23T22:06:48.158Z] TX TRG
[2026-04-23T22:06:48.164Z] RX TRG<CR>
[2026-04-23T22:06:48.948Z] RX 1,0,Perforación 2,11.985,Perforación 1,12.042,Ancho,46.186,Largo,515.640,1,1,1,1<CR>
[2026-04-23T22:06:48.948Z] RX_DATA 1,0,Perforación 2,11.985,Perforación 1,12.042,Ancho,46.186,Largo,515.640,1,1,1,1
[2026-04-23T22:10:16.896Z] TX TRG
[2026-04-23T22:10:16.902Z] RX TRG<CR>
[2026-04-23T22:10:17.005Z] TX TRG
[2026-04-23T22:10:17.010Z] RX ER,TRG,10001<CR>
[2026-04-23T22:10:17.695Z] RX 1,0,Perforación 2,11.883,Perforación 1,12.283,Ancho,51.360,Largo,515.566,1,1,1,1<CR>
[2026-04-23T22:10:17.695Z] RX_DATA 1,0,Perforación 2,11.883,Perforación 1,12.283,Ancho,51.360,Largo,515.566,1,1,1,1
[2026-04-23T22:10:39.524Z] TX TRG
[2026-04-23T22:10:39.530Z] RX TRG<CR>
[2026-04-23T22:10:40.322Z] RX 1,0,Perforación 2,11.847,Perforación 1,12.293,Ancho,50.731,Largo,515.394,1,1,1,1<CR>
[2026-04-23T22:10:40.323Z] RX_DATA 1,0,Perforación 2,11.847,Perforación 1,12.293,Ancho,50.731,Largo,515.394,1,1,1,1
[2026-04-23T22:10:52.059Z] TX TRG
[2026-04-23T22:10:52.065Z] RX TRG<CR>
[2026-04-23T22:10:52.221Z] TX TRG
[2026-04-23T22:10:52.227Z] RX ER,TRG,10001<CR>
[2026-04-23T22:10:52.857Z] RX 0,1,Perforación 2,11.885,Perforación 1,0,Ancho,50.713,Largo,515.392,1,0,1,1<CR>
[2026-04-23T22:10:52.857Z] RX_DATA 0,1,Perforación 2,11.885,Perforación 1,0,Ancho,50.713,Largo,515.392,1,0,1,1
[2026-04-23T22:11:10.307Z] TX TRG
[2026-04-23T22:11:10.313Z] RX TRG<CR>
[2026-04-23T22:11:11.106Z] RX 0,1,Perforación 2,11.887,Perforación 1,0,Ancho,51.207,Largo,515.551,1,0,1,1<CR>
[2026-04-23T22:11:11.106Z] RX_DATA 0,1,Perforación 2,11.887,Perforación 1,0,Ancho,51.207,Largo,515.551,1,0,1,1
[2026-04-23T22:11:44.241Z] TX TRG
[2026-04-23T22:11:44.248Z] RX TRG<CR>
[2026-04-23T22:11:45.041Z] RX 0,1,Perforación 2,11.896,Perforación 1,0,Ancho,51.180,Largo,515.542,1,0,1,1<CR>
[2026-04-23T22:11:45.041Z] RX_DATA 0,1,Perforación 2,11.896,Perforación 1,0,Ancho,51.180,Largo,515.542,1,0,1,1
[2026-04-23T22:28:54.897Z] TX HMR
[2026-04-23T22:28:54.900Z] RX HMR,VS-L1500CX<CR>
[2026-04-23T22:28:54.900Z] TX MOR
[2026-04-23T22:28:54.903Z] RX MOR,0<CR>
[2026-04-23T22:28:54.903Z] TX FVR
[2026-04-23T22:28:54.905Z] RX FVR,1.6.0002<CR>
[2026-04-23T22:29:22.255Z] TX TRG
[2026-04-23T22:29:22.261Z] RX TRG<CR>
[2026-04-23T22:29:37.636Z] TX TRG
[2026-04-23T22:29:37.642Z] RX TRG<CR>
[2026-04-23T22:29:37.736Z] TX TRG
[2026-04-23T22:29:37.741Z] RX ER,TRG,10001<CR>
[2026-04-23T22:29:38.428Z] RX 1,0,Perforación 2,12.244,Perforación 1,12.274,Ancho,46.504,Largo,535.849,1,1,1,1<CR>
[2026-04-23T22:29:38.429Z] RX_DATA 1,0,Perforación 2,12.244,Perforación 1,12.274,Ancho,46.504,Largo,535.849,1,1,1,1
[2026-04-23T22:30:03.700Z] TX TRG
[2026-04-23T22:30:03.706Z] RX TRG<CR>
[2026-04-23T22:30:04.491Z] RX 1,0,Perforación 2,12.220,Perforación 1,12.250,Ancho,46.569,Largo,535.944,1,1,1,1<CR>
[2026-04-23T22:30:04.492Z] RX_DATA 1,0,Perforación 2,12.220,Perforación 1,12.250,Ancho,46.569,Largo,535.944,1,1,1,1
[2026-04-23T22:32:07.129Z] TX TRG
[2026-04-23T22:32:07.136Z] RX TRG<CR>
[2026-04-23T22:32:08.130Z] RX 1,0,Perforación 2,12.074,Perforación 1,12.146,Ancho,49.736,Largo,535.938,1,1,1,1<CR>
[2026-04-23T22:32:08.131Z] RX_DATA 1,0,Perforación 2,12.074,Perforación 1,12.146,Ancho,49.736,Largo,535.938,1,1,1,1
[2026-04-23T22:32:51.328Z] TX TRG
[2026-04-23T22:32:51.334Z] RX TRG<CR>
[2026-04-23T22:32:52.330Z] RX 1,0,Perforación 2,12.057,Perforación 1,12.131,Ancho,49.828,Largo,535.985,1,1,1,1<CR>
[2026-04-23T22:32:52.330Z] RX_DATA 1,0,Perforación 2,12.057,Perforación 1,12.131,Ancho,49.828,Largo,535.985,1,1,1,1
[2026-04-23T22:33:08.540Z] TX TRG
[2026-04-23T22:33:08.546Z] RX TRG<CR>
[2026-04-23T22:33:09.542Z] RX 1,0,Perforación 2,12.041,Perforación 1,12.132,Ancho,49.798,Largo,535.992,1,1,1,1<CR>
[2026-04-23T22:33:09.542Z] RX_DATA 1,0,Perforación 2,12.041,Perforación 1,12.132,Ancho,49.798,Largo,535.992,1,1,1,1
[2026-04-23T22:33:17.727Z] TX TRG
[2026-04-23T22:33:17.734Z] RX TRG<CR>
[2026-04-23T22:33:17.740Z] TX TRG
[2026-04-23T22:33:17.746Z] RX ER,TRG,10001<CR>
[2026-04-23T22:33:18.730Z] RX 1,0,Perforación 2,12.053,Perforación 1,12.141,Ancho,49.760,Largo,536.010,1,1,1,1<CR>
[2026-04-23T22:33:18.731Z] RX_DATA 1,0,Perforación 2,12.053,Perforación 1,12.141,Ancho,49.760,Largo,536.010,1,1,1,1
[2026-04-23T22:33:34.041Z] TX TRG
[2026-04-23T22:33:34.047Z] RX TRG<CR>
[2026-04-23T22:33:34.130Z] TX TRG
[2026-04-23T22:33:34.135Z] RX ER,TRG,10001<CR>
[2026-04-23T22:33:35.044Z] RX 1,0,Perforación 2,12.054,Perforación 1,12.152,Ancho,49.812,Largo,535.997,1,1,1,1<CR>
[2026-04-23T22:33:35.044Z] RX_DATA 1,0,Perforación 2,12.054,Perforación 1,12.152,Ancho,49.812,Largo,535.997,1,1,1,1
[2026-04-23T22:33:46.046Z] TX TRG
[2026-04-23T22:33:46.052Z] RX TRG<CR>
[2026-04-23T22:33:46.273Z] TX TRG
[2026-04-23T22:33:46.279Z] RX ER,TRG,10001<CR>
[2026-04-23T22:33:47.047Z] RX 1,0,Perforación 2,12.057,Perforación 1,12.136,Ancho,49.831,Largo,535.998,1,1,1,1<CR>
[2026-04-23T22:33:47.048Z] RX_DATA 1,0,Perforación 2,12.057,Perforación 1,12.136,Ancho,49.831,Largo,535.998,1,1,1,1
[2026-04-23T22:33:56.760Z] TX TRG
[2026-04-23T22:33:56.765Z] RX TRG<CR>
[2026-04-23T22:33:57.762Z] RX 1,0,Perforación 2,12.053,Perforación 1,12.157,Ancho,49.822,Largo,536.011,1,1,1,1<CR>
[2026-04-23T22:33:57.762Z] RX_DATA 1,0,Perforación 2,12.053,Perforación 1,12.157,Ancho,49.822,Largo,536.011,1,1,1,1
[2026-04-23T22:34:10.175Z] TX TRG
[2026-04-23T22:34:10.181Z] RX TRG<CR>
[2026-04-23T22:34:11.177Z] RX 1,0,Perforación 2,12.063,Perforación 1,12.135,Ancho,49.854,Largo,536.002,1,1,1,1<CR>
[2026-04-23T22:34:11.177Z] RX_DATA 1,0,Perforación 2,12.063,Perforación 1,12.135,Ancho,49.854,Largo,536.002,1,1,1,1
[2026-04-23T22:34:23.590Z] TX TRG
[2026-04-23T22:34:23.596Z] RX TRG<CR>
[2026-04-23T22:34:23.810Z] TX TRG
[2026-04-23T22:34:23.815Z] RX ER,TRG,10001<CR>
[2026-04-23T22:34:24.593Z] RX 1,0,Perforación 2,12.050,Perforación 1,12.114,Ancho,49.836,Largo,536.014,1,1,1,1<CR>
[2026-04-23T22:34:24.594Z] RX_DATA 1,0,Perforación 2,12.050,Perforación 1,12.114,Ancho,49.836,Largo,536.014,1,1,1,1
[2026-04-23T22:34:35.685Z] TX TRG
[2026-04-23T22:34:35.692Z] RX TRG<CR>
[2026-04-23T22:34:35.797Z] TX TRG
[2026-04-23T22:34:35.803Z] RX ER,TRG,10001<CR>
[2026-04-23T22:34:36.690Z] RX 1,0,Perforación 2,12.057,Perforación 1,12.121,Ancho,49.836,Largo,535.997,1,1,1,1<CR>
[2026-04-23T22:34:36.690Z] RX_DATA 1,0,Perforación 2,12.057,Perforación 1,12.121,Ancho,49.836,Largo,535.997,1,1,1,1
[2026-04-23T22:38:17.366Z] TX TRG
[2026-04-23T22:38:17.373Z] RX TRG<CR>
[2026-04-23T22:38:17.489Z] TX TRG
[2026-04-23T22:38:17.495Z] RX ER,TRG,10001<CR>
[2026-04-23T22:38:18.377Z] RX 1,0,Perforación 2,11.792,Perforación 1,11.888,Ancho,49.244,Largo,535.771,1,1,1,1<CR>
[2026-04-23T22:38:18.377Z] RX_DATA 1,0,Perforación 2,11.792,Perforación 1,11.888,Ancho,49.244,Largo,535.771,1,1,1,1
[2026-04-23T22:38:33.685Z] TX TRG
[2026-04-23T22:38:33.686Z] TX TRG
[2026-04-23T22:38:33.691Z] RX TRG<CR>
[2026-04-23T22:38:33.696Z] RX ER,TRG,10001<CR>
[2026-04-23T22:38:34.696Z] RX 1,0,Perforación 2,11.753,Perforación 1,11.969,Ancho,49.492,Largo,535.686,1,1,1,1<CR>
[2026-04-23T22:38:34.697Z] RX_DATA 1,0,Perforación 2,11.753,Perforación 1,11.969,Ancho,49.492,Largo,535.686,1,1,1,1
[2026-04-23T22:38:43.480Z] TX TRG
[2026-04-23T22:38:43.486Z] RX TRG<CR>
[2026-04-23T22:38:44.469Z] RX 0,1,Perforación 2,0,Perforación 1,0,Ancho,0,Largo,0,0,0,0,0<CR>
[2026-04-23T22:38:44.469Z] RX_DATA 0,1,Perforación 2,0,Perforación 1,0,Ancho,0,Largo,0,0,0,0,0
[2026-04-23T22:38:56.389Z] TX TRG
[2026-04-23T22:38:56.395Z] RX TRG<CR>
[2026-04-23T22:38:57.393Z] RX 1,0,Perforación 2,11.778,Perforación 1,11.924,Ancho,48.724,Largo,535.513,1,1,1,1<CR>
[2026-04-23T22:38:57.393Z] RX_DATA 1,0,Perforación 2,11.778,Perforación 1,11.924,Ancho,48.724,Largo,535.513,1,1,1,1
[2026-04-23T22:39:09.092Z] TX TRG
[2026-04-23T22:39:09.098Z] RX TRG<CR>
[2026-04-23T22:39:09.524Z] TX TRG
[2026-04-23T22:39:09.532Z] RX ER,TRG,10001<CR>
[2026-04-23T22:39:10.094Z] RX 1,0,Perforación 2,11.770,Perforación 1,11.921,Ancho,48.609,Largo,535.498,1,1,1,1<CR>
[2026-04-23T22:39:10.094Z] RX_DATA 1,0,Perforación 2,11.770,Perforación 1,11.921,Ancho,48.609,Largo,535.498,1,1,1,1
[2026-04-23T22:39:23.619Z] TX TRG
[2026-04-23T22:39:23.625Z] RX TRG<CR>
[2026-04-23T22:39:24.621Z] RX 1,0,Perforación 2,11.762,Perforación 1,11.937,Ancho,48.496,Largo,535.509,1,1,1,1<CR>
[2026-04-23T22:39:24.621Z] RX_DATA 1,0,Perforación 2,11.762,Perforación 1,11.937,Ancho,48.496,Largo,535.509,1,1,1,1
[2026-04-23T22:39:35.599Z] TX TRG
[2026-04-23T22:39:35.605Z] RX TRG<CR>
[2026-04-23T22:39:35.772Z] TX TRG
[2026-04-23T22:39:35.778Z] RX ER,TRG,10001<CR>
[2026-04-23T22:39:36.600Z] RX 1,0,Perforación 2,11.804,Perforación 1,11.947,Ancho,48.632,Largo,535.431,1,1,1,1<CR>
[2026-04-23T22:39:36.600Z] RX_DATA 1,0,Perforación 2,11.804,Perforación 1,11.947,Ancho,48.632,Largo,535.431,1,1,1,1
[2026-04-23T22:39:48.120Z] TX TRG
[2026-04-23T22:39:48.126Z] RX TRG<CR>
[2026-04-23T22:39:49.123Z] RX 1,0,Perforación 2,11.815,Perforación 1,11.928,Ancho,48.474,Largo,535.458,1,1,1,1<CR>
[2026-04-23T22:39:49.123Z] RX_DATA 1,0,Perforación 2,11.815,Perforación 1,11.928,Ancho,48.474,Largo,535.458,1,1,1,1
[2026-04-23T22:39:57.246Z] TX TRG
[2026-04-23T22:39:57.252Z] RX TRG<CR>
[2026-04-23T22:39:57.268Z] TX TRG
[2026-04-23T22:39:57.273Z] RX ER,TRG,10001<CR>
[2026-04-23T22:39:58.250Z] RX 1,0,Perforación 2,11.787,Perforación 1,11.915,Ancho,48.625,Largo,535.485,1,1,1,1<CR>
[2026-04-23T22:39:58.250Z] RX_DATA 1,0,Perforación 2,11.787,Perforación 1,11.915,Ancho,48.625,Largo,535.485,1,1,1,1
[2026-04-23T22:40:08.438Z] TX TRG
[2026-04-23T22:40:08.444Z] RX TRG<CR>
[2026-04-23T22:40:08.699Z] TX TRG
[2026-04-23T22:40:08.705Z] RX ER,TRG,10001<CR>
[2026-04-23T22:40:09.440Z] RX 1,0,Perforación 2,11.819,Perforación 1,11.915,Ancho,48.615,Largo,535.467,1,1,1,1<CR>
[2026-04-23T22:40:09.440Z] RX_DATA 1,0,Perforación 2,11.819,Perforación 1,11.915,Ancho,48.615,Largo,535.467,1,1,1,1
[2026-04-23T22:41:57.630Z] TX TRG
[2026-04-23T22:41:57.636Z] RX TRG<CR>
[2026-04-23T22:41:57.641Z] TX TRG
[2026-04-23T22:41:57.647Z] RX ER,TRG,10001<CR>
[2026-04-23T22:41:58.640Z] RX 1,0,Perforación 2,11.768,Perforación 1,11.989,Ancho,49.206,Largo,535.863,1,1,1,1<CR>
[2026-04-23T22:41:58.640Z] RX_DATA 1,0,Perforación 2,11.768,Perforación 1,11.989,Ancho,49.206,Largo,535.863,1,1,1,1
[2026-04-23T22:42:06.441Z] TX TRG
[2026-04-23T22:42:06.447Z] RX TRG<CR>
[2026-04-23T22:42:06.825Z] TX TRG
[2026-04-23T22:42:06.830Z] RX ER,TRG,10001<CR>
[2026-04-23T22:42:07.451Z] RX 1,0,Perforación 2,11.769,Perforación 1,11.999,Ancho,49.185,Largo,535.883,1,1,1,1<CR>
[2026-04-23T22:42:07.452Z] RX_DATA 1,0,Perforación 2,11.769,Perforación 1,11.999,Ancho,49.185,Largo,535.883,1,1,1,1
[2026-04-23T22:42:18.619Z] TX TRG
[2026-04-23T22:42:18.625Z] RX TRG<CR>
[2026-04-23T22:42:19.625Z] RX 1,0,Perforación 2,11.774,Perforación 1,11.956,Ancho,50.561,Largo,535.826,1,1,1,1<CR>
[2026-04-23T22:42:19.625Z] RX_DATA 1,0,Perforación 2,11.774,Perforación 1,11.956,Ancho,50.561,Largo,535.826,1,1,1,1
[2026-04-23T22:42:30.301Z] TX TRG
[2026-04-23T22:42:30.307Z] RX TRG<CR>
[2026-04-23T22:42:31.307Z] RX 1,0,Perforación 2,11.777,Perforación 1,11.996,Ancho,49.542,Largo,535.841,1,1,1,1<CR>
[2026-04-23T22:42:31.307Z] RX_DATA 1,0,Perforación 2,11.777,Perforación 1,11.996,Ancho,49.542,Largo,535.841,1,1,1,1
[2026-04-23T22:42:42.502Z] TX TRG
[2026-04-23T22:42:42.508Z] RX TRG<CR>
[2026-04-23T22:42:43.508Z] RX 1,0,Perforación 2,11.762,Perforación 1,12.003,Ancho,49.592,Largo,535.851,1,1,1,1<CR>
[2026-04-23T22:42:43.508Z] RX_DATA 1,0,Perforación 2,11.762,Perforación 1,12.003,Ancho,49.592,Largo,535.851,1,1,1,1
[2026-04-23T22:43:10.279Z] TX TRG
[2026-04-23T22:43:10.285Z] RX TRG<CR>
[2026-04-23T22:43:10.449Z] TX TRG
[2026-04-23T22:43:10.455Z] RX ER,TRG,10001<CR>
[2026-04-23T22:43:11.282Z] RX 0,1,Perforación 2,11.717,Perforación 1,11.845,Ancho,49.303,Largo,0,1,1,1,0<CR>
[2026-04-23T22:43:11.282Z] RX_DATA 0,1,Perforación 2,11.717,Perforación 1,11.845,Ancho,49.303,Largo,0,1,1,1,0
[2026-04-23T22:43:30.965Z] TX TRG
[2026-04-23T22:43:30.971Z] RX TRG<CR>
[2026-04-23T22:43:31.972Z] RX 0,1,Perforación 2,11.761,Perforación 1,11.954,Ancho,49.147,Largo,548.486,1,1,1,0<CR>
[2026-04-23T22:43:31.972Z] RX_DATA 0,1,Perforación 2,11.761,Perforación 1,11.954,Ancho,49.147,Largo,548.486,1,1,1,0
[2026-04-23T22:56:36.398Z] TX TRG
[2026-04-23T22:56:36.404Z] RX TRG<CR>
[2026-04-23T22:56:36.571Z] TX TRG
[2026-04-23T22:56:36.577Z] RX ER,TRG,10001<CR>
[2026-04-23T22:56:37.410Z] RX 1,0,Perforación 2,11.723,Perforación 1,11.883,Ancho,48.647,Largo,535.900,1,1,1,1<CR>
[2026-04-23T22:56:37.410Z] RX_DATA 1,0,Perforación 2,11.723,Perforación 1,11.883,Ancho,48.647,Largo,535.900,1,1,1,1
[2026-04-23T22:56:48.201Z] TX TRG
[2026-04-23T22:56:48.207Z] RX TRG<CR>
[2026-04-23T22:56:49.224Z] RX 1,0,Perforación 2,11.828,Perforación 1,11.989,Ancho,48.804,Largo,535.812,1,1,1,1<CR>
[2026-04-23T22:56:49.224Z] RX_DATA 1,0,Perforación 2,11.828,Perforación 1,11.989,Ancho,48.804,Largo,535.812,1,1,1,1
[2026-04-23T22:56:55.983Z] TX TRG
[2026-04-23T22:56:55.989Z] RX TRG<CR>
[2026-04-23T22:56:56.998Z] RX 1,0,Perforación 2,11.842,Perforación 1,11.970,Ancho,48.693,Largo,535.814,1,1,1,1<CR>
[2026-04-23T22:56:56.998Z] RX_DATA 1,0,Perforación 2,11.842,Perforación 1,11.970,Ancho,48.693,Largo,535.814,1,1,1,1
[2026-04-23T22:58:29.384Z] TX TRG
[2026-04-23T22:58:29.391Z] RX TRG<CR>
[2026-04-23T22:58:29.567Z] TX TRG
[2026-04-23T22:58:29.572Z] RX ER,TRG,10001<CR>
[2026-04-23T22:58:30.399Z] RX 1,0,Perforación 2,11.841,Perforación 1,11.981,Ancho,48.725,Largo,535.992,1,1,1,1<CR>
[2026-04-23T22:58:30.399Z] RX_DATA 1,0,Perforación 2,11.841,Perforación 1,11.981,Ancho,48.725,Largo,535.992,1,1,1,1
[2026-04-23T22:58:40.175Z] TX TRG
[2026-04-23T22:58:40.182Z] RX TRG<CR>
[2026-04-23T22:58:41.189Z] RX 1,0,Perforación 2,11.819,Perforación 1,11.975,Ancho,48.800,Largo,535.944,1,1,1,1<CR>
[2026-04-23T22:58:41.189Z] RX_DATA 1,0,Perforación 2,11.819,Perforación 1,11.975,Ancho,48.800,Largo,535.944,1,1,1,1
[2026-04-23T22:58:45.888Z] TX TRG
[2026-04-23T22:58:45.895Z] RX TRG<CR>
[2026-04-23T22:58:46.903Z] RX 1,0,Perforación 2,11.844,Perforación 1,11.984,Ancho,48.790,Largo,535.996,1,1,1,1<CR>
[2026-04-23T22:58:46.904Z] RX_DATA 1,0,Perforación 2,11.844,Perforación 1,11.984,Ancho,48.790,Largo,535.996,1,1,1,1
[2026-04-23T22:58:49.402Z] TX TRG
[2026-04-23T22:58:49.408Z] RX TRG<CR>
[2026-04-23T22:58:49.687Z] TX TRG
[2026-04-23T22:58:49.693Z] RX ER,TRG,10001<CR>
[2026-04-23T22:58:50.419Z] RX 1,0,Perforación 2,11.818,Perforación 1,11.973,Ancho,48.805,Largo,535.992,1,1,1,1<CR>
[2026-04-23T22:58:50.420Z] RX_DATA 1,0,Perforación 2,11.818,Perforación 1,11.973,Ancho,48.805,Largo,535.992,1,1,1,1
[2026-04-23T22:58:52.563Z] TX TRG
[2026-04-23T22:58:52.570Z] RX TRG<CR>
[2026-04-23T22:58:53.588Z] RX 1,0,Perforación 2,11.831,Perforación 1,11.981,Ancho,48.862,Largo,535.997,1,1,1,1<CR>
[2026-04-23T22:58:53.588Z] RX_DATA 1,0,Perforación 2,11.831,Perforación 1,11.981,Ancho,48.862,Largo,535.997,1,1,1,1
[2026-04-23T22:59:07.455Z] TX TRG
[2026-04-23T22:59:07.461Z] RX TRG<CR>
[2026-04-23T22:59:08.469Z] RX 1,0,Perforación 2,11.817,Perforación 1,11.996,Ancho,48.710,Largo,535.990,1,1,1,1<CR>
[2026-04-23T22:59:08.469Z] RX_DATA 1,0,Perforación 2,11.817,Perforación 1,11.996,Ancho,48.710,Largo,535.990,1,1,1,1
[2026-04-23T22:59:19.290Z] TX TRG
[2026-04-23T22:59:19.296Z] RX TRG<CR>
[2026-04-23T22:59:20.304Z] RX 1,0,Perforación 2,11.821,Perforación 1,11.986,Ancho,48.806,Largo,535.989,1,1,1,1<CR>
[2026-04-23T22:59:20.304Z] RX_DATA 1,0,Perforación 2,11.821,Perforación 1,11.986,Ancho,48.806,Largo,535.989,1,1,1,1
[2026-04-23T22:59:23.938Z] TX TRG
[2026-04-23T22:59:23.944Z] RX TRG<CR>
[2026-04-23T22:59:23.975Z] TX TRG
[2026-04-23T22:59:23.981Z] RX ER,TRG,10001<CR>
[2026-04-23T22:59:24.955Z] RX 1,0,Perforación 2,11.852,Perforación 1,11.989,Ancho,48.786,Largo,535.987,1,1,1,1<CR>
[2026-04-23T22:59:24.956Z] RX_DATA 1,0,Perforación 2,11.852,Perforación 1,11.989,Ancho,48.786,Largo,535.987,1,1,1,1
[2026-04-23T23:00:42.686Z] TX TRG
[2026-04-23T23:00:42.687Z] TX TRG
[2026-04-23T23:00:42.692Z] RX TRG<CR>
[2026-04-23T23:00:42.697Z] RX ER,TRG,10001<CR>
[2026-04-23T23:00:43.702Z] RX 1,0,Perforación 2,11.798,Perforación 1,11.982,Ancho,49.024,Largo,536.007,1,1,1,1<CR>
[2026-04-23T23:00:43.703Z] RX_DATA 1,0,Perforación 2,11.798,Perforación 1,11.982,Ancho,49.024,Largo,536.007,1,1,1,1
[2026-04-23T23:01:07.775Z] TX TRG
[2026-04-23T23:01:07.781Z] RX TRG<CR>
[2026-04-23T23:01:08.792Z] RX 1,0,Perforación 2,11.827,Perforación 1,11.985,Ancho,49.087,Largo,536.030,1,1,1,1<CR>
[2026-04-23T23:01:08.792Z] RX_DATA 1,0,Perforación 2,11.827,Perforación 1,11.985,Ancho,49.087,Largo,536.030,1,1,1,1
[2026-04-23T23:01:29.175Z] TX TRG
[2026-04-23T23:01:29.181Z] RX TRG<CR>
[2026-04-23T23:01:29.235Z] TX TRG
[2026-04-23T23:01:29.240Z] RX ER,TRG,10001<CR>
[2026-04-23T23:01:30.206Z] RX 1,0,Perforación 2,11.727,Perforación 1,11.936,Ancho,48.938,Largo,535.727,1,1,1,1<CR>
[2026-04-23T23:01:30.206Z] RX_DATA 1,0,Perforación 2,11.727,Perforación 1,11.936,Ancho,48.938,Largo,535.727,1,1,1,1
[2026-04-23T23:01:44.023Z] TX TRG
[2026-04-23T23:01:44.030Z] RX TRG<CR>
[2026-04-23T23:01:45.052Z] RX 1,0,Perforación 2,11.733,Perforación 1,11.898,Ancho,49.068,Largo,536.512,1,1,1,1<CR>
[2026-04-23T23:01:45.052Z] RX_DATA 1,0,Perforación 2,11.733,Perforación 1,11.898,Ancho,49.068,Largo,536.512,1,1,1,1
[2026-04-23T23:02:01.434Z] TX TRG
[2026-04-23T23:02:01.440Z] RX TRG<CR>
[2026-04-23T23:02:01.924Z] TX TRG
[2026-04-23T23:02:01.930Z] RX ER,TRG,10001<CR>
[2026-04-23T23:02:02.451Z] RX 0,1,Perforación 2,11.774,Perforación 1,11.979,Ancho,48.385,Largo,535.987,1,1,1,0<CR>
[2026-04-23T23:02:02.451Z] RX_DATA 0,1,Perforación 2,11.774,Perforación 1,11.979,Ancho,48.385,Largo,535.987,1,1,1,0
[2026-04-23T23:02:19.351Z] TX TRG
[2026-04-23T23:02:19.357Z] RX TRG<CR>
[2026-04-23T23:02:20.364Z] RX 0,1,Perforación 2,11.785,Perforación 1,12.028,Ancho,55.015,Largo,536.173,1,1,0,0<CR>
[2026-04-23T23:02:20.365Z] RX_DATA 0,1,Perforación 2,11.785,Perforación 1,12.028,Ancho,55.015,Largo,536.173,1,1,0,0
[2026-04-23T23:02:39.933Z] TX TRG
[2026-04-23T23:02:39.935Z] TX TRG
[2026-04-23T23:02:39.939Z] RX TRG<CR>
[2026-04-23T23:02:39.945Z] RX ER,TRG,10001<CR>
[2026-04-23T23:02:40.947Z] RX 0,1,Perforación 2,11.794,Perforación 1,11.958,Ancho,48.692,Largo,539.818,1,1,1,0<CR>
[2026-04-23T23:02:40.947Z] RX_DATA 0,1,Perforación 2,11.794,Perforación 1,11.958,Ancho,48.692,Largo,539.818,1,1,1,0
